{"numTotalTestSuites":9,"numPassedTestSuites":6,"numFailedTestSuites":3,"numPendingTestSuites":0,"numTotalTests":17,"numPassedTests":16,"numFailedTests":1,"numPendingTests":0,"numTodoTests":0,"snapshot":{"added":0,"failure":false,"filesAdded":0,"filesRemoved":0,"filesRemovedList":[],"filesUnmatched":0,"filesUpdated":0,"matched":0,"total":0,"unchecked":0,"uncheckedKeysByFile":[],"unmatched":0,"updated":0,"didUpdate":false},"startTime":1775361548300,"success":false,"testResults":[{"assertionResults":[{"ancestorTitles":["Performance Benchmarks","Layer 1: Real-Time Performance"],"fullName":"Performance Benchmarks Layer 1: Real-Time Performance should encode position sync in <0.5ms","status":"passed","title":"should encode position sync in <0.5ms","duration":8.551300000000083,"failureMessages":[],"meta":{}},{"ancestorTitles":["Performance Benchmarks","Layer 1: Real-Time Performance"],"fullName":"Performance Benchmarks Layer 1: Real-Time Performance should decode position sync in <0.5ms","status":"passed","title":"should decode position sync in <0.5ms","duration":4.490000000000009,"failureMessages":[],"meta":{}},{"ancestorTitles":["Performance Benchmarks","Layer 1: Real-Time Performance"],"fullName":"Performance Benchmarks Layer 1: Real-Time Performance should maintain message rate of 90 msg/s","status":"passed","title":"should maintain message rate of 90 msg/s","duration":1017.0662,"failureMessages":[],"meta":{}},{"ancestorTitles":["Performance Benchmarks","Layer 1: Real-Time Performance"],"fullName":"Performance Benchmarks Layer 1: Real-Time Performance should keep binary message size under 512 bytes","status":"passed","title":"should keep binary message size under 512 bytes","duration":0.47870000000011714,"failureMessages":[],"meta":{}},{"ancestorTitles":["Performance Benchmarks","Frame Budget Tracker"],"fullName":"Performance Benchmarks Frame Budget Tracker should maintain 90fps with 11.1ms frame times","status":"passed","title":"should maintain 90fps with 11.1ms frame times","duration":0.8992000000000644,"failureMessages":[],"meta":{}},{"ancestorTitles":["Performance Benchmarks","Frame Budget Tracker"],"fullName":"Performance Benchmarks Frame Budget Tracker should degrade to medium quality at 12.5ms","status":"passed","title":"should degrade to medium quality at 12.5ms","duration":0.32809999999994943,"failureMessages":[],"meta":{}},{"ancestorTitles":["Performance Benchmarks","Frame Budget Tracker"],"fullName":"Performance Benchmarks Frame Budget Tracker should degrade to low quality at 14ms","status":"passed","title":"should degrade to low quality at 14ms","duration":0.2358000000001539,"failureMessages":[],"meta":{}},{"ancestorTitles":["Performance Benchmarks","Frame Budget Tracker"],"fullName":"Performance Benchmarks Frame Budget Tracker should degrade to minimal quality at 16ms","status":"passed","title":"should degrade to minimal quality at 16ms","duration":0.26739999999995234,"failureMessages":[],"meta":{}},{"ancestorTitles":["Performance Benchmarks","Frame Budget Tracker"],"fullName":"Performance Benchmarks Frame Budget Tracker should recover quality when frame times improve","status":"passed","title":"should recover quality when frame times improve","duration":0.3382000000001426,"failureMessages":[],"meta":{}},{"ancestorTitles":["Performance Benchmarks","Frame Budget Tracker"],"fullName":"Performance Benchmarks Frame Budget Tracker should track budget remaining accurately","status":"passed","title":"should track budget remaining accurately","duration":0.1993999999999687,"failureMessages":[],"meta":{}},{"ancestorTitles":["Performance Benchmarks","Multi-Agent Performance"],"fullName":"Performance Benchmarks Multi-Agent Performance should maintain 90fps with 5 agents","status":"passed","title":"should maintain 90fps with 5 agents","duration":1.0174999999999272,"failureMessages":[],"meta":{}},{"ancestorTitles":["Performance Benchmarks","Multi-Agent Performance"],"fullName":"Performance Benchmarks Multi-Agent Performance should maintain 90fps with 10 agents","status":"passed","title":"should maintain 90fps with 10 agents","duration":0.6838000000000193,"failureMessages":[],"meta":{}},{"ancestorTitles":["Performance Benchmarks","Bandwidth Usage"],"fullName":"Performance Benchmarks Bandwidth Usage should use <10 KB/s per agent at 90fps","status":"passed","title":"should use <10 KB/s per agent at 90fps","duration":0.36159999999995307,"failureMessages":[],"meta":{}},{"ancestorTitles":["Performance Benchmarks","Bandwidth Usage"],"fullName":"Performance Benchmarks Bandwidth Usage should use <50 KB/s total with 5 agents","status":"passed","title":"should use <50 KB/s total with 5 agents","duration":0.39629999999988286,"failureMessages":[],"meta":{}},{"ancestorTitles":["Performance Benchmarks","Latency Tests"],"fullName":"Performance Benchmarks Latency Tests should complete round-trip in <2ms","status":"passed","title":"should complete round-trip in <2ms","duration":1560.2852999999998,"failureMessages":[],"meta":{}},{"ancestorTitles":["Performance Benchmarks","Memory Usage"],"fullName":"Performance Benchmarks Memory Usage should not leak memory over time","status":"failed","title":"should not leak memory over time","duration":5016.5497000000005,"failureMessages":["Error: STACK_TRACE_ERROR\n    at task (file:///C:/Users/josep/Documents/GitHub/HoloScript/node_modules/.pnpm/@vitest+runner@3.2.4/node_modules/@vitest/runner/dist/chunk-hooks.js:638:27)\n    at Object.<anonymous> (file:///C:/Users/josep/Documents/GitHub/HoloScript/node_modules/.pnpm/@vitest+runner@3.2.4/node_modules/@vitest/runner/dist/chunk-hooks.js:662:16)\n    at Object.<anonymous> (file:///C:/Users/josep/Documents/GitHub/HoloScript/node_modules/.pnpm/@vitest+runner@3.2.4/node_modules/@vitest/runner/dist/chunk-hooks.js:458:28)\n    at chain (file:///C:/Users/josep/Documents/GitHub/HoloScript/node_modules/.pnpm/@vitest+runner@3.2.4/node_modules/@vitest/runner/dist/chunk-hooks.js:369:14)\n    at C:\\Users\\josep\\Documents\\GitHub\\HoloScript\\packages\\framework\\src\\agents\\spatial-comms\\__tests__\\performance-benchmark.test.ts:394:5\n    at file:///C:/Users/josep/Documents/GitHub/HoloScript/node_modules/.pnpm/@vitest+runner@3.2.4/node_modules/@vitest/runner/dist/chunk-hooks.js:734:40\n    at runWithSuite (file:///C:/Users/josep/Documents/GitHub/HoloScript/node_modules/.pnpm/@vitest+runner@3.2.4/node_modules/@vitest/runner/dist/chunk-hooks.js:1849:8)\n    at Object.collect (file:///C:/Users/josep/Documents/GitHub/HoloScript/node_modules/.pnpm/@vitest+runner@3.2.4/node_modules/@vitest/runner/dist/chunk-hooks.js:734:10)\n    at Object.collect (file:///C:/Users/josep/Documents/GitHub/HoloScript/node_modules/.pnpm/@vitest+runner@3.2.4/node_modules/@vitest/runner/dist/chunk-hooks.js:738:54)\n    at processTicksAndRejections (node:internal/process/task_queues:105:5)\n    at Object.collect (file:///C:/Users/josep/Documents/GitHub/HoloScript/node_modules/.pnpm/@vitest+runner@3.2.4/node_modules/@vitest/runner/dist/chunk-hooks.js:738:46)\n    at collectTests (file:///C:/Users/josep/Documents/GitHub/HoloScript/node_modules/.pnpm/@vitest+runner@3.2.4/node_modules/@vitest/runner/dist/chunk-hooks.js:1179:25)\n    at startTests (file:///C:/Users/josep/Documents/GitHub/HoloScript/node_modules/.pnpm/@vitest+runner@3.2.4/node_modules/@vitest/runner/dist/chunk-hooks.js:1817:17)\n    at file:///C:/Users/josep/Documents/GitHub/HoloScript/node_modules/.pnpm/vitest@3.2.4_@types+node@24.10.13/node_modules/vitest/dist/chunks/runBaseTests.9Ij9_de-.js:117:26\n    at withEnv (file:///C:/Users/josep/Documents/GitHub/HoloScript/node_modules/.pnpm/vitest@3.2.4_@types+node@24.10.13/node_modules/vitest/dist/chunks/runBaseTests.9Ij9_de-.js:84:3)"],"meta":{}},{"ancestorTitles":["Performance Summary"],"fullName":"Performance Summary should print performance summary","status":"passed","title":"should print performance summary","duration":0.3923999999988155,"failureMessages":[],"meta":{}}],"startTime":1775361549002,"endTime":1775361556615.3923,"status":"failed","message":"","name":"C:/Users/josep/Documents/GitHub/HoloScript/packages/framework/src/agents/spatial-comms/__tests__/performance-benchmark.test.ts"}]}
