{
  "numTotalTestSuites": 328,
  "numPassedTestSuites": 328,
  "numFailedTestSuites": 0,
  "numPendingTestSuites": 0,
  "numTotalTests": 670,
  "numPassedTests": 668,
  "numFailedTests": 2,
  "numPendingTests": 0,
  "numTodoTests": 3,
  "startTime": 1769630637288,
  "success": false,
  "testResults": [
    {
      "assertionResults": [
        {
          "ancestorTitles": ["", "HoloScriptRuntime", "Basic Execution"],
          "fullName": " HoloScriptRuntime Basic Execution should create an orb",
          "status": "passed",
          "title": "should create an orb",
          "duration": 3,
          "failureMessages": []
        },
        {
          "ancestorTitles": ["", "HoloScriptRuntime", "Basic Execution"],
          "fullName": " HoloScriptRuntime Basic Execution should define a function",
          "status": "passed",
          "title": "should define a function",
          "duration": 1,
          "failureMessages": []
        },
        {
          "ancestorTitles": ["", "HoloScriptRuntime", "Basic Execution"],
          "fullName": " HoloScriptRuntime Basic Execution should create a connection",
          "status": "passed",
          "title": "should create a connection",
          "duration": 0,
          "failureMessages": []
        },
        {
          "ancestorTitles": ["", "HoloScriptRuntime", "Expression Evaluation"],
          "fullName": " HoloScriptRuntime Expression Evaluation should evaluate number literals",
          "status": "passed",
          "title": "should evaluate number literals",
          "duration": 1,
          "failureMessages": []
        },
        {
          "ancestorTitles": ["", "HoloScriptRuntime", "Expression Evaluation"],
          "fullName": " HoloScriptRuntime Expression Evaluation should evaluate string literals",
          "status": "passed",
          "title": "should evaluate string literals",
          "duration": 0,
          "failureMessages": []
        },
        {
          "ancestorTitles": ["", "HoloScriptRuntime", "Expression Evaluation"],
          "fullName": " HoloScriptRuntime Expression Evaluation should evaluate boolean literals",
          "status": "passed",
          "title": "should evaluate boolean literals",
          "duration": 0,
          "failureMessages": []
        },
        {
          "ancestorTitles": ["", "HoloScriptRuntime", "Expression Evaluation"],
          "fullName": " HoloScriptRuntime Expression Evaluation should evaluate array literals",
          "status": "passed",
          "title": "should evaluate array literals",
          "duration": 1,
          "failureMessages": []
        },
        {
          "ancestorTitles": ["", "HoloScriptRuntime", "Expression Evaluation"],
          "fullName": " HoloScriptRuntime Expression Evaluation should evaluate object literals",
          "status": "passed",
          "title": "should evaluate object literals",
          "duration": 0,
          "failureMessages": []
        },
        {
          "ancestorTitles": ["", "HoloScriptRuntime", "Expression Evaluation"],
          "fullName": " HoloScriptRuntime Expression Evaluation should evaluate arithmetic operations",
          "status": "passed",
          "title": "should evaluate arithmetic operations",
          "duration": 1,
          "failureMessages": []
        },
        {
          "ancestorTitles": ["", "HoloScriptRuntime", "Built-in Functions"],
          "fullName": " HoloScriptRuntime Built-in Functions should execute math functions",
          "status": "passed",
          "title": "should execute math functions",
          "duration": 0,
          "failureMessages": []
        },
        {
          "ancestorTitles": ["", "HoloScriptRuntime", "Built-in Functions"],
          "fullName": " HoloScriptRuntime Built-in Functions should execute string functions",
          "status": "passed",
          "title": "should execute string functions",
          "duration": 1,
          "failureMessages": []
        },
        {
          "ancestorTitles": ["", "HoloScriptRuntime", "Built-in Functions"],
          "fullName": " HoloScriptRuntime Built-in Functions should execute array functions",
          "status": "passed",
          "title": "should execute array functions",
          "duration": 0,
          "failureMessages": []
        },
        {
          "ancestorTitles": ["", "HoloScriptRuntime", "Built-in Functions"],
          "fullName": " HoloScriptRuntime Built-in Functions should execute type checking functions",
          "status": "passed",
          "title": "should execute type checking functions",
          "duration": 0,
          "failureMessages": []
        },
        {
          "ancestorTitles": ["", "HoloScriptRuntime", "Variable Scoping"],
          "fullName": " HoloScriptRuntime Variable Scoping should set and get variables",
          "status": "passed",
          "title": "should set and get variables",
          "duration": 0,
          "failureMessages": []
        },
        {
          "ancestorTitles": ["", "HoloScriptRuntime", "Variable Scoping"],
          "fullName": " HoloScriptRuntime Variable Scoping should handle nested property access",
          "status": "passed",
          "title": "should handle nested property access",
          "duration": 0,
          "failureMessages": []
        },
        {
          "ancestorTitles": ["", "HoloScriptRuntime", "Variable Scoping"],
          "fullName": " HoloScriptRuntime Variable Scoping should set nested properties",
          "status": "passed",
          "title": "should set nested properties",
          "duration": 0,
          "failureMessages": []
        },
        {
          "ancestorTitles": ["", "HoloScriptRuntime", "Gate Execution"],
          "fullName": " HoloScriptRuntime Gate Execution should execute true path when condition is true",
          "status": "passed",
          "title": "should execute true path when condition is true",
          "duration": 1,
          "failureMessages": []
        },
        {
          "ancestorTitles": ["", "HoloScriptRuntime", "Gate Execution"],
          "fullName": " HoloScriptRuntime Gate Execution should execute false path when condition is false",
          "status": "passed",
          "title": "should execute false path when condition is false",
          "duration": 1,
          "failureMessages": []
        },
        {
          "ancestorTitles": ["", "HoloScriptRuntime", "Gate Execution"],
          "fullName": " HoloScriptRuntime Gate Execution should handle boolean literals in conditions",
          "status": "passed",
          "title": "should handle boolean literals in conditions",
          "duration": 0,
          "failureMessages": []
        },
        {
          "ancestorTitles": ["", "HoloScriptRuntime", "Gate Execution"],
          "fullName": " HoloScriptRuntime Gate Execution should handle comparison operators",
          "status": "passed",
          "title": "should handle comparison operators",
          "duration": 1,
          "failureMessages": []
        },
        {
          "ancestorTitles": ["", "HoloScriptRuntime", "Stream Execution"],
          "fullName": " HoloScriptRuntime Stream Execution should process stream with transformations",
          "status": "passed",
          "title": "should process stream with transformations",
          "duration": 0,
          "failureMessages": []
        },
        {
          "ancestorTitles": ["", "HoloScriptRuntime", "Stream Execution"],
          "fullName": " HoloScriptRuntime Stream Execution should handle multiple transformations",
          "status": "passed",
          "title": "should handle multiple transformations",
          "duration": 1,
          "failureMessages": []
        },
        {
          "ancestorTitles": ["", "HoloScriptRuntime", "Event System"],
          "fullName": " HoloScriptRuntime Event System should register and emit events",
          "status": "passed",
          "title": "should register and emit events",
          "duration": 0,
          "failureMessages": []
        },
        {
          "ancestorTitles": ["", "HoloScriptRuntime", "Event System"],
          "fullName": " HoloScriptRuntime Event System should remove event handlers",
          "status": "passed",
          "title": "should remove event handlers",
          "duration": 0,
          "failureMessages": []
        },
        {
          "ancestorTitles": ["", "HoloScriptRuntime", "Code Parser Integration"],
          "fullName": " HoloScriptRuntime Code Parser Integration should parse and execute orb declaration",
          "status": "passed",
          "title": "should parse and execute orb declaration",
          "duration": 3,
          "failureMessages": []
        },
        {
          "ancestorTitles": ["", "HoloScriptRuntime", "Code Parser Integration"],
          "fullName": " HoloScriptRuntime Code Parser Integration should parse and execute function declaration",
          "status": "passed",
          "title": "should parse and execute function declaration",
          "duration": 1,
          "failureMessages": []
        },
        {
          "ancestorTitles": ["", "HoloScriptRuntime", "Code Parser Integration"],
          "fullName": " HoloScriptRuntime Code Parser Integration should parse and execute connection",
          "status": "passed",
          "title": "should parse and execute connection",
          "duration": 0,
          "failureMessages": []
        },
        {
          "ancestorTitles": ["", "HoloScriptRuntime", "Security"],
          "fullName": " HoloScriptRuntime Security should block suspicious keywords in expressions",
          "status": "passed",
          "title": "should block suspicious keywords in expressions",
          "duration": 2,
          "failureMessages": []
        },
        {
          "ancestorTitles": ["", "HoloScriptRuntime", "Security"],
          "fullName": " HoloScriptRuntime Security should respect execution limits",
          "status": "passed",
          "title": "should respect execution limits",
          "duration": 18,
          "failureMessages": []
        },
        {
          "ancestorTitles": ["", "HoloScriptRuntime", "Reset"],
          "fullName": " HoloScriptRuntime Reset should clear all state on reset",
          "status": "passed",
          "title": "should clear all state on reset",
          "duration": 1,
          "failureMessages": []
        }
      ],
      "startTime": 1769630638871,
      "endTime": 1769630638908,
      "status": "passed",
      "message": "",
      "name": "C:/Users/josep/Documents/GitHub/HoloScript/packages/core/src/HoloScriptRuntime.test.ts"
    },
    {
      "assertionResults": [
        {
          "ancestorTitles": ["", "HoloCompositionParser", "Basic Composition"],
          "fullName": " HoloCompositionParser Basic Composition parses minimal composition",
          "status": "passed",
          "title": "parses minimal composition",
          "duration": 2,
          "failureMessages": []
        },
        {
          "ancestorTitles": ["", "HoloCompositionParser", "Basic Composition"],
          "fullName": " HoloCompositionParser Basic Composition parses composition with name containing spaces",
          "status": "passed",
          "title": "parses composition with name containing spaces",
          "duration": 0,
          "failureMessages": []
        },
        {
          "ancestorTitles": ["", "HoloCompositionParser", "Environment"],
          "fullName": " HoloCompositionParser Environment parses environment block",
          "status": "passed",
          "title": "parses environment block",
          "duration": 1,
          "failureMessages": []
        },
        {
          "ancestorTitles": ["", "HoloCompositionParser", "Environment"],
          "fullName": " HoloCompositionParser Environment parses particle system",
          "status": "passed",
          "title": "parses particle system",
          "duration": 0,
          "failureMessages": []
        },
        {
          "ancestorTitles": ["", "HoloCompositionParser", "State"],
          "fullName": " HoloCompositionParser State parses state block",
          "status": "passed",
          "title": "parses state block",
          "duration": 1,
          "failureMessages": []
        },
        {
          "ancestorTitles": ["", "HoloCompositionParser", "State"],
          "fullName": " HoloCompositionParser State parses state with arrays and objects",
          "status": "passed",
          "title": "parses state with arrays and objects",
          "duration": 1,
          "failureMessages": []
        },
        {
          "ancestorTitles": ["", "HoloCompositionParser", "Templates"],
          "fullName": " HoloCompositionParser Templates parses template with properties",
          "status": "passed",
          "title": "parses template with properties",
          "duration": 1,
          "failureMessages": []
        },
        {
          "ancestorTitles": ["", "HoloCompositionParser", "Templates"],
          "fullName": " HoloCompositionParser Templates parses template with state and actions",
          "status": "passed",
          "title": "parses template with state and actions",
          "duration": 1,
          "failureMessages": []
        },
        {
          "ancestorTitles": ["", "HoloCompositionParser", "Templates"],
          "fullName": " HoloCompositionParser Templates parses async action",
          "status": "passed",
          "title": "parses async action",
          "duration": 1,
          "failureMessages": []
        },
        {
          "ancestorTitles": ["", "HoloCompositionParser", "Objects"],
          "fullName": " HoloCompositionParser Objects parses standalone object",
          "status": "passed",
          "title": "parses standalone object",
          "duration": 1,
          "failureMessages": []
        },
        {
          "ancestorTitles": ["", "HoloCompositionParser", "Objects"],
          "fullName": " HoloCompositionParser Objects parses object with using clause",
          "status": "passed",
          "title": "parses object with using clause",
          "duration": 0,
          "failureMessages": []
        },
        {
          "ancestorTitles": ["", "HoloCompositionParser", "Objects"],
          "fullName": " HoloCompositionParser Objects parses nested objects",
          "status": "passed",
          "title": "parses nested objects",
          "duration": 1,
          "failureMessages": []
        },
        {
          "ancestorTitles": ["", "HoloCompositionParser", "Spatial Groups"],
          "fullName": " HoloCompositionParser Spatial Groups parses spatial group with objects",
          "status": "passed",
          "title": "parses spatial group with objects",
          "duration": 0,
          "failureMessages": []
        },
        {
          "ancestorTitles": ["", "HoloCompositionParser", "Spatial Groups"],
          "fullName": " HoloCompositionParser Spatial Groups parses nested spatial groups",
          "status": "passed",
          "title": "parses nested spatial groups",
          "duration": 1,
          "failureMessages": []
        },
        {
          "ancestorTitles": ["", "HoloCompositionParser", "Logic"],
          "fullName": " HoloCompositionParser Logic parses logic block with event handler",
          "status": "passed",
          "title": "parses logic block with event handler",
          "duration": 1,
          "failureMessages": []
        },
        {
          "ancestorTitles": ["", "HoloCompositionParser", "Logic"],
          "fullName": " HoloCompositionParser Logic parses event handler with parameters",
          "status": "passed",
          "title": "parses event handler with parameters",
          "duration": 1,
          "failureMessages": []
        },
        {
          "ancestorTitles": ["", "HoloCompositionParser", "Logic"],
          "fullName": " HoloCompositionParser Logic parses action in logic block",
          "status": "passed",
          "title": "parses action in logic block",
          "duration": 1,
          "failureMessages": []
        },
        {
          "ancestorTitles": ["", "HoloCompositionParser", "Statements"],
          "fullName": " HoloCompositionParser Statements parses if statement",
          "status": "passed",
          "title": "parses if statement",
          "duration": 0,
          "failureMessages": []
        },
        {
          "ancestorTitles": ["", "HoloCompositionParser", "Statements"],
          "fullName": " HoloCompositionParser Statements parses if-else statement",
          "status": "passed",
          "title": "parses if-else statement",
          "duration": 1,
          "failureMessages": []
        },
        {
          "ancestorTitles": ["", "HoloCompositionParser", "Statements"],
          "fullName": " HoloCompositionParser Statements parses for loop",
          "status": "passed",
          "title": "parses for loop",
          "duration": 1,
          "failureMessages": []
        },
        {
          "ancestorTitles": ["", "HoloCompositionParser", "Statements"],
          "fullName": " HoloCompositionParser Statements parses animate statement",
          "status": "passed",
          "title": "parses animate statement",
          "duration": 0,
          "failureMessages": []
        },
        {
          "ancestorTitles": ["", "HoloCompositionParser", "Statements"],
          "fullName": " HoloCompositionParser Statements parses emit statement",
          "status": "passed",
          "title": "parses emit statement",
          "duration": 0,
          "failureMessages": []
        },
        {
          "ancestorTitles": ["", "HoloCompositionParser", "Expressions"],
          "fullName": " HoloCompositionParser Expressions parses arithmetic expressions",
          "status": "passed",
          "title": "parses arithmetic expressions",
          "duration": 0,
          "failureMessages": []
        },
        {
          "ancestorTitles": ["", "HoloCompositionParser", "Expressions"],
          "fullName": " HoloCompositionParser Expressions parses comparison expressions",
          "status": "passed",
          "title": "parses comparison expressions",
          "duration": 0,
          "failureMessages": []
        },
        {
          "ancestorTitles": ["", "HoloCompositionParser", "Expressions"],
          "fullName": " HoloCompositionParser Expressions parses method calls",
          "status": "passed",
          "title": "parses method calls",
          "duration": 1,
          "failureMessages": []
        },
        {
          "ancestorTitles": ["", "HoloCompositionParser", "Expressions"],
          "fullName": " HoloCompositionParser Expressions parses member expressions",
          "status": "passed",
          "title": "parses member expressions",
          "duration": 0,
          "failureMessages": []
        },
        {
          "ancestorTitles": ["", "HoloCompositionParser", "Imports"],
          "fullName": " HoloCompositionParser Imports parses import statement",
          "status": "passed",
          "title": "parses import statement",
          "duration": 1,
          "failureMessages": []
        },
        {
          "ancestorTitles": ["", "HoloCompositionParser", "Imports"],
          "fullName": " HoloCompositionParser Imports parses multiple imports",
          "status": "passed",
          "title": "parses multiple imports",
          "duration": 0,
          "failureMessages": []
        },
        {
          "ancestorTitles": ["", "HoloCompositionParser", "Comments"],
          "fullName": " HoloCompositionParser Comments ignores line comments",
          "status": "passed",
          "title": "ignores line comments",
          "duration": 0,
          "failureMessages": []
        },
        {
          "ancestorTitles": ["", "HoloCompositionParser", "Comments"],
          "fullName": " HoloCompositionParser Comments ignores block comments",
          "status": "passed",
          "title": "ignores block comments",
          "duration": 1,
          "failureMessages": []
        },
        {
          "ancestorTitles": ["", "HoloCompositionParser", "Full Example"],
          "fullName": " HoloCompositionParser Full Example parses complete landing page example",
          "status": "passed",
          "title": "parses complete landing page example",
          "duration": 2,
          "failureMessages": []
        },
        {
          "ancestorTitles": ["", "HoloCompositionParser", "Error Handling"],
          "fullName": " HoloCompositionParser Error Handling reports missing closing brace",
          "status": "passed",
          "title": "reports missing closing brace",
          "duration": 0,
          "failureMessages": []
        },
        {
          "ancestorTitles": ["", "HoloCompositionParser", "Error Handling"],
          "fullName": " HoloCompositionParser Error Handling strict mode throws on error",
          "status": "passed",
          "title": "strict mode throws on error",
          "duration": 1,
          "failureMessages": []
        },
        {
          "ancestorTitles": ["", "HoloCompositionParser", "Error Handling"],
          "fullName": " HoloCompositionParser Error Handling tolerant mode collects errors",
          "status": "passed",
          "title": "tolerant mode collects errors",
          "duration": 1,
          "failureMessages": []
        }
      ],
      "startTime": 1769630638196,
      "endTime": 1769630638220,
      "status": "passed",
      "message": "",
      "name": "C:/Users/josep/Documents/GitHub/HoloScript/packages/core/src/parser/HoloCompositionParser.test.ts"
    },
    {
      "assertionResults": [
        {
          "ancestorTitles": ["", "HoloScriptPlusParser - Extended Features"],
          "fullName": " HoloScriptPlusParser - Extended Features Parses @networked trait correctly",
          "status": "passed",
          "title": "Parses @networked trait correctly",
          "duration": 4,
          "failureMessages": []
        },
        {
          "ancestorTitles": ["", "HoloScriptPlusParser - Extended Features"],
          "fullName": " HoloScriptPlusParser - Extended Features Parses @external_api directive correctly",
          "status": "passed",
          "title": "Parses @external_api directive correctly",
          "duration": 2,
          "failureMessages": []
        },
        {
          "ancestorTitles": ["", "HoloScriptPlusParser - Extended Features"],
          "fullName": " HoloScriptPlusParser - Extended Features Handles multiple directives and traits",
          "status": "passed",
          "title": "Handles multiple directives and traits",
          "duration": 0,
          "failureMessages": []
        },
        {
          "ancestorTitles": ["", "HoloScriptPlusParser - Control Flow"],
          "fullName": " HoloScriptPlusParser - Control Flow Parses @while loop correctly",
          "status": "passed",
          "title": "Parses @while loop correctly",
          "duration": 1,
          "failureMessages": []
        },
        {
          "ancestorTitles": ["", "HoloScriptPlusParser - Control Flow"],
          "fullName": " HoloScriptPlusParser - Control Flow Parses @forEach loop correctly",
          "status": "passed",
          "title": "Parses @forEach loop correctly",
          "duration": 0,
          "failureMessages": []
        },
        {
          "ancestorTitles": ["", "HoloScriptPlusParser - Control Flow"],
          "fullName": " HoloScriptPlusParser - Control Flow Parses @for loop correctly",
          "status": "passed",
          "title": "Parses @for loop correctly",
          "duration": 1,
          "failureMessages": []
        },
        {
          "ancestorTitles": ["", "HoloScriptPlusParser - Import Statements"],
          "fullName": " HoloScriptPlusParser - Import Statements Parses @import with path",
          "status": "passed",
          "title": "Parses @import with path",
          "duration": 0,
          "failureMessages": []
        },
        {
          "ancestorTitles": ["", "HoloScriptPlusParser - Import Statements"],
          "fullName": " HoloScriptPlusParser - Import Statements Parses @import with alias",
          "status": "passed",
          "title": "Parses @import with alias",
          "duration": 1,
          "failureMessages": []
        },
        {
          "ancestorTitles": ["", "HoloScriptPlusParser - Import Statements"],
          "fullName": " HoloScriptPlusParser - Import Statements Parses multiple @import statements",
          "status": "passed",
          "title": "Parses multiple @import statements",
          "duration": 0,
          "failureMessages": []
        },
        {
          "ancestorTitles": ["", "HoloScriptPlusParser - Import Statements"],
          "fullName": " HoloScriptPlusParser - Import Statements Disables @import when enableTypeScriptImports is false",
          "status": "passed",
          "title": "Disables @import when enableTypeScriptImports is false",
          "duration": 1,
          "failureMessages": []
        }
      ],
      "startTime": 1769630640082,
      "endTime": 1769630640092,
      "status": "passed",
      "message": "",
      "name": "C:/Users/josep/Documents/GitHub/HoloScript/packages/core/src/parser/HoloScriptPlusParser.test.ts"
    },
    {
      "assertionResults": [
        {
          "ancestorTitles": ["", "AssetMetadata", "createAssetMetadata"],
          "fullName": " AssetMetadata createAssetMetadata should create asset metadata with required fields",
          "status": "passed",
          "title": "should create asset metadata with required fields",
          "duration": 3,
          "failureMessages": []
        },
        {
          "ancestorTitles": ["", "AssetMetadata", "createAssetMetadata"],
          "fullName": " AssetMetadata createAssetMetadata should set default values for optional fields",
          "status": "passed",
          "title": "should set default values for optional fields",
          "duration": 1,
          "failureMessages": []
        },
        {
          "ancestorTitles": ["", "AssetMetadata", "createAssetMetadata"],
          "fullName": " AssetMetadata createAssetMetadata should allow overriding default values",
          "status": "passed",
          "title": "should allow overriding default values",
          "duration": 0,
          "failureMessages": []
        },
        {
          "ancestorTitles": ["", "AssetMetadata", "createAssetMetadata"],
          "fullName": " AssetMetadata createAssetMetadata should set displayName to name by default",
          "status": "passed",
          "title": "should set displayName to name by default",
          "duration": 1,
          "failureMessages": []
        },
        {
          "ancestorTitles": ["", "AssetMetadata", "createAssetMetadata"],
          "fullName": " AssetMetadata createAssetMetadata should use custom displayName when provided",
          "status": "passed",
          "title": "should use custom displayName when provided",
          "duration": 0,
          "failureMessages": []
        },
        {
          "ancestorTitles": ["", "AssetMetadata", "inferAssetType"],
          "fullName": " AssetMetadata inferAssetType should infer model type from 3D formats",
          "status": "passed",
          "title": "should infer model type from 3D formats",
          "duration": 0,
          "failureMessages": []
        },
        {
          "ancestorTitles": ["", "AssetMetadata", "inferAssetType"],
          "fullName": " AssetMetadata inferAssetType should infer scene type from USD formats",
          "status": "passed",
          "title": "should infer scene type from USD formats",
          "duration": 1,
          "failureMessages": []
        },
        {
          "ancestorTitles": ["", "AssetMetadata", "inferAssetType"],
          "fullName": " AssetMetadata inferAssetType should infer texture type from image formats",
          "status": "passed",
          "title": "should infer texture type from image formats",
          "duration": 0,
          "failureMessages": []
        },
        {
          "ancestorTitles": ["", "AssetMetadata", "inferAssetType"],
          "fullName": " AssetMetadata inferAssetType should infer audio type from audio formats",
          "status": "passed",
          "title": "should infer audio type from audio formats",
          "duration": 0,
          "failureMessages": []
        },
        {
          "ancestorTitles": ["", "AssetMetadata", "inferAssetType"],
          "fullName": " AssetMetadata inferAssetType should infer video type from video formats",
          "status": "passed",
          "title": "should infer video type from video formats",
          "duration": 0,
          "failureMessages": []
        },
        {
          "ancestorTitles": ["", "AssetMetadata", "inferAssetType"],
          "fullName": " AssetMetadata inferAssetType should infer script type from HoloScript formats",
          "status": "passed",
          "title": "should infer script type from HoloScript formats",
          "duration": 0,
          "failureMessages": []
        },
        {
          "ancestorTitles": ["", "AssetMetadata", "getMimeType"],
          "fullName": " AssetMetadata getMimeType should return correct MIME types for models",
          "status": "passed",
          "title": "should return correct MIME types for models",
          "duration": 0,
          "failureMessages": []
        },
        {
          "ancestorTitles": ["", "AssetMetadata", "getMimeType"],
          "fullName": " AssetMetadata getMimeType should return correct MIME types for textures",
          "status": "passed",
          "title": "should return correct MIME types for textures",
          "duration": 0,
          "failureMessages": []
        },
        {
          "ancestorTitles": ["", "AssetMetadata", "getMimeType"],
          "fullName": " AssetMetadata getMimeType should return correct MIME types for audio",
          "status": "passed",
          "title": "should return correct MIME types for audio",
          "duration": 0,
          "failureMessages": []
        },
        {
          "ancestorTitles": ["", "AssetManifest", "constructor"],
          "fullName": " AssetManifest constructor should create manifest with config",
          "status": "passed",
          "title": "should create manifest with config",
          "duration": 1,
          "failureMessages": []
        },
        {
          "ancestorTitles": ["", "AssetManifest", "addAsset"],
          "fullName": " AssetManifest addAsset should add asset to manifest",
          "status": "passed",
          "title": "should add asset to manifest",
          "duration": 1,
          "failureMessages": []
        },
        {
          "ancestorTitles": ["", "AssetManifest", "addAsset"],
          "fullName": " AssetManifest addAsset should overwrite existing asset with same id",
          "status": "passed",
          "title": "should overwrite existing asset with same id",
          "duration": 0,
          "failureMessages": []
        },
        {
          "ancestorTitles": ["", "AssetManifest", "getAsset"],
          "fullName": " AssetManifest getAsset should return undefined for non-existent asset",
          "status": "passed",
          "title": "should return undefined for non-existent asset",
          "duration": 0,
          "failureMessages": []
        },
        {
          "ancestorTitles": ["", "AssetManifest", "removeAsset"],
          "fullName": " AssetManifest removeAsset should remove asset from manifest",
          "status": "passed",
          "title": "should remove asset from manifest",
          "duration": 1,
          "failureMessages": []
        },
        {
          "ancestorTitles": ["", "AssetManifest", "findByType"],
          "fullName": " AssetManifest findByType should return assets of specified type",
          "status": "passed",
          "title": "should return assets of specified type",
          "duration": 1,
          "failureMessages": []
        },
        {
          "ancestorTitles": ["", "AssetManifest", "findByTag"],
          "fullName": " AssetManifest findByTag should find assets by tag",
          "status": "passed",
          "title": "should find assets by tag",
          "duration": 0,
          "failureMessages": []
        },
        {
          "ancestorTitles": ["", "AssetRegistry", "singleton"],
          "fullName": " AssetRegistry singleton should return same instance",
          "status": "passed",
          "title": "should return same instance",
          "duration": 1,
          "failureMessages": []
        },
        {
          "ancestorTitles": ["", "AssetRegistry", "manifest management"],
          "fullName": " AssetRegistry manifest management should register and set active manifest",
          "status": "passed",
          "title": "should register and set active manifest",
          "duration": 0,
          "failureMessages": []
        },
        {
          "ancestorTitles": ["", "AssetRegistry", "manifest management"],
          "fullName": " AssetRegistry manifest management should switch active manifest by ID",
          "status": "passed",
          "title": "should switch active manifest by ID",
          "duration": 0,
          "failureMessages": []
        },
        {
          "ancestorTitles": ["", "AssetRegistry", "event system"],
          "fullName": " AssetRegistry event system should emit events on manifest load",
          "status": "passed",
          "title": "should emit events on manifest load",
          "duration": 1,
          "failureMessages": []
        },
        {
          "ancestorTitles": ["", "AssetRegistry", "event system"],
          "fullName": " AssetRegistry event system should allow unsubscribing from events",
          "status": "passed",
          "title": "should allow unsubscribing from events",
          "duration": 1,
          "failureMessages": []
        },
        {
          "ancestorTitles": ["", "AssetValidator", "validate"],
          "fullName": " AssetValidator validate should validate valid metadata",
          "status": "passed",
          "title": "should validate valid metadata",
          "duration": 1,
          "failureMessages": []
        },
        {
          "ancestorTitles": ["", "AssetValidator", "validate"],
          "fullName": " AssetValidator validate should return issues for metadata problems",
          "status": "passed",
          "title": "should return issues for metadata problems",
          "duration": 0,
          "failureMessages": []
        },
        {
          "ancestorTitles": ["", "AssetValidator", "rules"],
          "fullName": " AssetValidator rules should have built-in validation rules",
          "status": "passed",
          "title": "should have built-in validation rules",
          "duration": 1,
          "failureMessages": []
        },
        {
          "ancestorTitles": ["", "AssetValidator", "rules"],
          "fullName": " AssetValidator rules should allow adding custom rules",
          "status": "passed",
          "title": "should allow adding custom rules",
          "duration": 0,
          "failureMessages": []
        },
        {
          "ancestorTitles": ["", "AssetValidator", "rules"],
          "fullName": " AssetValidator rules should allow removing rules",
          "status": "passed",
          "title": "should allow removing rules",
          "duration": 0,
          "failureMessages": []
        },
        {
          "ancestorTitles": ["", "SmartAssetLoader", "constructor"],
          "fullName": " SmartAssetLoader constructor should create loader with config",
          "status": "passed",
          "title": "should create loader with config",
          "duration": 1,
          "failureMessages": []
        },
        {
          "ancestorTitles": ["", "SmartAssetLoader", "memory management"],
          "fullName": " SmartAssetLoader memory management should track memory usage",
          "status": "passed",
          "title": "should track memory usage",
          "duration": 0,
          "failureMessages": []
        },
        {
          "ancestorTitles": ["", "SmartAssetLoader", "config"],
          "fullName": " SmartAssetLoader config should respect quality setting",
          "status": "passed",
          "title": "should respect quality setting",
          "duration": 0,
          "failureMessages": []
        },
        {
          "ancestorTitles": ["", "SmartAssetLoader", "config"],
          "fullName": " SmartAssetLoader config should respect streaming setting",
          "status": "passed",
          "title": "should respect streaming setting",
          "duration": 1,
          "failureMessages": []
        },
        {
          "ancestorTitles": ["", "AssetDependencyGraph", "addAsset"],
          "fullName": " AssetDependencyGraph addAsset should add asset to graph",
          "status": "passed",
          "title": "should add asset to graph",
          "duration": 0,
          "failureMessages": []
        },
        {
          "ancestorTitles": ["", "AssetDependencyGraph", "addDependency"],
          "fullName": " AssetDependencyGraph addDependency should add dependency between assets",
          "status": "passed",
          "title": "should add dependency between assets",
          "duration": 0,
          "failureMessages": []
        },
        {
          "ancestorTitles": ["", "AssetDependencyGraph", "addDependency"],
          "fullName": " AssetDependencyGraph addDependency should track required vs optional dependencies",
          "status": "passed",
          "title": "should track required vs optional dependencies",
          "duration": 1,
          "failureMessages": []
        },
        {
          "ancestorTitles": ["", "AssetDependencyGraph", "getDependencies"],
          "fullName": " AssetDependencyGraph getDependencies should return empty array for asset with no dependencies",
          "status": "passed",
          "title": "should return empty array for asset with no dependencies",
          "duration": 0,
          "failureMessages": []
        },
        {
          "ancestorTitles": ["", "AssetDependencyGraph", "getDependents"],
          "fullName": " AssetDependencyGraph getDependents should return assets that depend on this asset",
          "status": "passed",
          "title": "should return assets that depend on this asset",
          "duration": 0,
          "failureMessages": []
        }
      ],
      "startTime": 1769630638075,
      "endTime": 1769630638094,
      "status": "passed",
      "message": "",
      "name": "C:/Users/josep/Documents/GitHub/HoloScript/packages/core/src/__tests__/assets.test.ts"
    },
    {
      "assertionResults": [
        {
          "ancestorTitles": ["", "HololandGraphicsPipelineService", "Initialization"],
          "fullName": " HololandGraphicsPipelineService Initialization should create instance with default settings",
          "status": "passed",
          "title": "should create instance with default settings",
          "duration": 1,
          "failureMessages": []
        },
        {
          "ancestorTitles": ["", "HololandGraphicsPipelineService", "Initialization"],
          "fullName": " HololandGraphicsPipelineService Initialization should initialize for mobile platform",
          "status": "passed",
          "title": "should initialize for mobile platform",
          "duration": 0,
          "failureMessages": []
        },
        {
          "ancestorTitles": ["", "HololandGraphicsPipelineService", "Initialization"],
          "fullName": " HololandGraphicsPipelineService Initialization should initialize for VR platform",
          "status": "passed",
          "title": "should initialize for VR platform",
          "duration": 0,
          "failureMessages": []
        },
        {
          "ancestorTitles": ["", "HololandGraphicsPipelineService", "Initialization"],
          "fullName": " HololandGraphicsPipelineService Initialization should initialize for desktop platform",
          "status": "passed",
          "title": "should initialize for desktop platform",
          "duration": 0,
          "failureMessages": []
        },
        {
          "ancestorTitles": ["", "HololandGraphicsPipelineService", "GPU Memory Management"],
          "fullName": " HololandGraphicsPipelineService GPU Memory Management should estimate GPU memory correctly",
          "status": "passed",
          "title": "should estimate GPU memory correctly",
          "duration": 1,
          "failureMessages": []
        },
        {
          "ancestorTitles": ["", "HololandGraphicsPipelineService", "GPU Memory Management"],
          "fullName": " HololandGraphicsPipelineService GPU Memory Management should track memory utilization",
          "status": "passed",
          "title": "should track memory utilization",
          "duration": 0,
          "failureMessages": []
        },
        {
          "ancestorTitles": ["", "HololandGraphicsPipelineService", "GPU Memory Management"],
          "fullName": " HololandGraphicsPipelineService GPU Memory Management should allow setting memory budget",
          "status": "passed",
          "title": "should allow setting memory budget",
          "duration": 0,
          "failureMessages": []
        },
        {
          "ancestorTitles": ["", "HololandGraphicsPipelineService", "Platform Optimization"],
          "fullName": " HololandGraphicsPipelineService Platform Optimization should optimize for mobile",
          "status": "passed",
          "title": "should optimize for mobile",
          "duration": 0,
          "failureMessages": []
        },
        {
          "ancestorTitles": ["", "HololandGraphicsPipelineService", "Platform Optimization"],
          "fullName": " HololandGraphicsPipelineService Platform Optimization should optimize for VR",
          "status": "passed",
          "title": "should optimize for VR",
          "duration": 0,
          "failureMessages": []
        },
        {
          "ancestorTitles": ["", "HololandGraphicsPipelineService", "Platform Optimization"],
          "fullName": " HololandGraphicsPipelineService Platform Optimization should optimize for desktop",
          "status": "passed",
          "title": "should optimize for desktop",
          "duration": 1,
          "failureMessages": []
        },
        {
          "ancestorTitles": ["", "HololandGraphicsPipelineService", "Performance Metrics"],
          "fullName": " HololandGraphicsPipelineService Performance Metrics should return performance metrics",
          "status": "passed",
          "title": "should return performance metrics",
          "duration": 0,
          "failureMessages": []
        },
        {
          "ancestorTitles": ["", "HololandGraphicsPipelineService", "Graphics Configuration"],
          "fullName": " HololandGraphicsPipelineService Graphics Configuration should initialize from graphics configuration",
          "status": "passed",
          "title": "should initialize from graphics configuration",
          "duration": 1,
          "failureMessages": []
        },
        {
          "ancestorTitles": ["", "PlatformPerformanceOptimizer", "Device Capabilities Detection"],
          "fullName": " PlatformPerformanceOptimizer Device Capabilities Detection should detect mobile device capabilities",
          "status": "passed",
          "title": "should detect mobile device capabilities",
          "duration": 1,
          "failureMessages": []
        },
        {
          "ancestorTitles": ["", "PlatformPerformanceOptimizer", "Device Capabilities Detection"],
          "fullName": " PlatformPerformanceOptimizer Device Capabilities Detection should detect VR device capabilities",
          "status": "passed",
          "title": "should detect VR device capabilities",
          "duration": 0,
          "failureMessages": []
        },
        {
          "ancestorTitles": ["", "PlatformPerformanceOptimizer", "Device Capabilities Detection"],
          "fullName": " PlatformPerformanceOptimizer Device Capabilities Detection should detect desktop device capabilities",
          "status": "passed",
          "title": "should detect desktop device capabilities",
          "duration": 0,
          "failureMessages": []
        },
        {
          "ancestorTitles": ["", "PlatformPerformanceOptimizer", "Device Optimization"],
          "fullName": " PlatformPerformanceOptimizer Device Optimization should generate mobile optimization settings",
          "status": "passed",
          "title": "should generate mobile optimization settings",
          "duration": 0,
          "failureMessages": []
        },
        {
          "ancestorTitles": ["", "PlatformPerformanceOptimizer", "Device Optimization"],
          "fullName": " PlatformPerformanceOptimizer Device Optimization should generate VR optimization settings",
          "status": "passed",
          "title": "should generate VR optimization settings",
          "duration": 0,
          "failureMessages": []
        },
        {
          "ancestorTitles": ["", "PlatformPerformanceOptimizer", "Device Optimization"],
          "fullName": " PlatformPerformanceOptimizer Device Optimization should generate desktop optimization settings",
          "status": "passed",
          "title": "should generate desktop optimization settings",
          "duration": 1,
          "failureMessages": []
        },
        {
          "ancestorTitles": ["", "PlatformPerformanceOptimizer", "Adaptive Quality"],
          "fullName": " PlatformPerformanceOptimizer Adaptive Quality should track frame metrics",
          "status": "passed",
          "title": "should track frame metrics",
          "duration": 0,
          "failureMessages": []
        },
        {
          "ancestorTitles": ["", "PlatformPerformanceOptimizer", "Adaptive Quality"],
          "fullName": " PlatformPerformanceOptimizer Adaptive Quality should provide recommendations for low FPS",
          "status": "passed",
          "title": "should provide recommendations for low FPS",
          "duration": 0,
          "failureMessages": []
        },
        {
          "ancestorTitles": ["", "PlatformPerformanceOptimizer", "Adaptive Quality"],
          "fullName": " PlatformPerformanceOptimizer Adaptive Quality should provide recommendations for low power mode",
          "status": "passed",
          "title": "should provide recommendations for low power mode",
          "duration": 1,
          "failureMessages": []
        },
        {
          "ancestorTitles": ["", "PlatformPerformanceOptimizer", "Performance Profiling"],
          "fullName": " PlatformPerformanceOptimizer Performance Profiling should create performance profile for device",
          "status": "passed",
          "title": "should create performance profile for device",
          "duration": 0,
          "failureMessages": []
        },
        {
          "ancestorTitles": ["", "PlatformPerformanceOptimizer", "Performance Profiling"],
          "fullName": " PlatformPerformanceOptimizer Performance Profiling should have appropriate CPU budget for platform",
          "status": "passed",
          "title": "should have appropriate CPU budget for platform",
          "duration": 1,
          "failureMessages": []
        },
        {
          "ancestorTitles": ["", "PlatformPerformanceOptimizer", "Compression Selection"],
          "fullName": " PlatformPerformanceOptimizer Compression Selection should select ASTC for mobile",
          "status": "passed",
          "title": "should select ASTC for mobile",
          "duration": 0,
          "failureMessages": []
        },
        {
          "ancestorTitles": ["", "PlatformPerformanceOptimizer", "Compression Selection"],
          "fullName": " PlatformPerformanceOptimizer Compression Selection should select Basis for VR",
          "status": "passed",
          "title": "should select Basis for VR",
          "duration": 0,
          "failureMessages": []
        },
        {
          "ancestorTitles": ["", "PlatformPerformanceOptimizer", "Compression Selection"],
          "fullName": " PlatformPerformanceOptimizer Compression Selection should select no compression for desktop",
          "status": "passed",
          "title": "should select no compression for desktop",
          "duration": 0,
          "failureMessages": []
        }
      ],
      "startTime": 1769630638593,
      "endTime": 1769630638601,
      "status": "passed",
      "message": "",
      "name": "C:/Users/josep/Documents/GitHub/HoloScript/packages/core/src/__tests__/GraphicsServices.test.ts"
    },
    {
      "assertionResults": [
        {
          "ancestorTitles": ["", "WorldDefinitionSchema", "createWorldMetadata"],
          "fullName": " WorldDefinitionSchema createWorldMetadata should create metadata object with provided values",
          "status": "passed",
          "title": "should create metadata object with provided values",
          "duration": 0,
          "failureMessages": []
        },
        {
          "ancestorTitles": ["", "WorldDefinitionSchema", "createWorldConfig"],
          "fullName": " WorldDefinitionSchema createWorldConfig should create config with defaults",
          "status": "passed",
          "title": "should create config with defaults",
          "duration": 1,
          "failureMessages": []
        },
        {
          "ancestorTitles": ["", "WorldDefinitionSchema", "createWorldConfig"],
          "fullName": " WorldDefinitionSchema createWorldConfig should have default physics config",
          "status": "passed",
          "title": "should have default physics config",
          "duration": 0,
          "failureMessages": []
        },
        {
          "ancestorTitles": ["", "WorldDefinitionSchema", "createWorldConfig"],
          "fullName": " WorldDefinitionSchema createWorldConfig should have default rendering config",
          "status": "passed",
          "title": "should have default rendering config",
          "duration": 0,
          "failureMessages": []
        },
        {
          "ancestorTitles": ["", "WorldDefinitionSchema", "createWorldConfig"],
          "fullName": " WorldDefinitionSchema createWorldConfig should have default networking config",
          "status": "passed",
          "title": "should have default networking config",
          "duration": 0,
          "failureMessages": []
        },
        {
          "ancestorTitles": ["", "WorldDefinitionSchema", "createWorldDefinition"],
          "fullName": " WorldDefinitionSchema createWorldDefinition should create world definition with metadata",
          "status": "passed",
          "title": "should create world definition with metadata",
          "duration": 1,
          "failureMessages": []
        },
        {
          "ancestorTitles": ["", "WorldDefinitionSchema", "createWorldDefinition"],
          "fullName": " WorldDefinitionSchema createWorldDefinition should include config",
          "status": "passed",
          "title": "should include config",
          "duration": 0,
          "failureMessages": []
        },
        {
          "ancestorTitles": ["", "WorldDefinitionSchema", "createWorldDefinition"],
          "fullName": " WorldDefinitionSchema createWorldDefinition should have zones and spawnPoints arrays",
          "status": "passed",
          "title": "should have zones and spawnPoints arrays",
          "duration": 1,
          "failureMessages": []
        },
        {
          "ancestorTitles": ["", "HololandIntegration", "singleton"],
          "fullName": " HololandIntegration singleton should return same instance",
          "status": "passed",
          "title": "should return same instance",
          "duration": 0,
          "failureMessages": []
        },
        {
          "ancestorTitles": ["", "HololandIntegration", "world management"],
          "fullName": " HololandIntegration world management should have null current world initially",
          "status": "passed",
          "title": "should have null current world initially",
          "duration": 1,
          "failureMessages": []
        },
        {
          "ancestorTitles": ["", "HololandIntegration", "world management"],
          "fullName": " HololandIntegration world management should require connection to register world",
          "status": "passed",
          "title": "should require connection to register world",
          "duration": 1,
          "failureMessages": []
        },
        {
          "ancestorTitles": ["", "HololandIntegration", "event system"],
          "fullName": " HololandIntegration event system should emit events",
          "status": "passed",
          "title": "should emit events",
          "duration": 2,
          "failureMessages": []
        },
        {
          "ancestorTitles": ["", "HololandIntegration", "event system"],
          "fullName": " HololandIntegration event system should allow unsubscribing",
          "status": "passed",
          "title": "should allow unsubscribing",
          "duration": 1,
          "failureMessages": []
        },
        {
          "ancestorTitles": ["", "HololandIntegration", "services"],
          "fullName": " HololandIntegration services should provide service interfaces",
          "status": "passed",
          "title": "should provide service interfaces",
          "duration": 0,
          "failureMessages": []
        },
        {
          "ancestorTitles": ["", "connectToHololand / disconnectFromHololand"],
          "fullName": " connectToHololand / disconnectFromHololand should be async functions",
          "status": "passed",
          "title": "should be async functions",
          "duration": 0,
          "failureMessages": []
        },
        {
          "ancestorTitles": ["", "StreamingProtocol", "protocol constants"],
          "fullName": " StreamingProtocol protocol constants should define protocol version",
          "status": "passed",
          "title": "should define protocol version",
          "duration": 0,
          "failureMessages": []
        },
        {
          "ancestorTitles": ["", "StreamingProtocol", "protocol constants"],
          "fullName": " StreamingProtocol protocol constants should define max message size",
          "status": "passed",
          "title": "should define max message size",
          "duration": 0,
          "failureMessages": []
        },
        {
          "ancestorTitles": ["", "StreamingProtocol", "protocol constants"],
          "fullName": " StreamingProtocol protocol constants should define heartbeat interval",
          "status": "passed",
          "title": "should define heartbeat interval",
          "duration": 0,
          "failureMessages": []
        },
        {
          "ancestorTitles": ["", "StreamingProtocol", "StreamProtocol", "singleton"],
          "fullName": " StreamingProtocol StreamProtocol singleton should return same instance",
          "status": "passed",
          "title": "should return same instance",
          "duration": 0,
          "failureMessages": []
        },
        {
          "ancestorTitles": ["", "StreamingProtocol", "StreamProtocol", "connection state"],
          "fullName": " StreamingProtocol StreamProtocol connection state should start disconnected",
          "status": "passed",
          "title": "should start disconnected",
          "duration": 1,
          "failureMessages": []
        },
        {
          "ancestorTitles": ["", "StreamingProtocol", "StreamProtocol", "message handlers"],
          "fullName": " StreamingProtocol StreamProtocol message handlers should register message handlers",
          "status": "passed",
          "title": "should register message handlers",
          "duration": 0,
          "failureMessages": []
        },
        {
          "ancestorTitles": ["", "StreamingProtocol", "StreamProtocol", "message handlers"],
          "fullName": " StreamingProtocol StreamProtocol message handlers should allow unsubscribing handlers",
          "status": "passed",
          "title": "should allow unsubscribing handlers",
          "duration": 0,
          "failureMessages": []
        },
        {
          "ancestorTitles": ["", "Hololand Integration - End to End"],
          "fullName": " Hololand Integration - End to End should create world with correct structure",
          "status": "passed",
          "title": "should create world with correct structure",
          "duration": 1,
          "failureMessages": []
        },
        {
          "ancestorTitles": ["", "Hololand Integration - End to End"],
          "fullName": " Hololand Integration - End to End should have independent client and protocol instances",
          "status": "passed",
          "title": "should have independent client and protocol instances",
          "duration": 0,
          "failureMessages": []
        }
      ],
      "startTime": 1769630639337,
      "endTime": 1769630639348,
      "status": "passed",
      "message": "",
      "name": "C:/Users/josep/Documents/GitHub/HoloScript/packages/core/src/__tests__/hololand.test.ts"
    },
    {
      "assertionResults": [
        {
          "ancestorTitles": ["", "HoloScriptPlusParser", "Material Trait Annotations"],
          "fullName": " HoloScriptPlusParser Material Trait Annotations should parse material trait annotation",
          "status": "passed",
          "title": "should parse material trait annotation",
          "duration": 2,
          "failureMessages": []
        },
        {
          "ancestorTitles": ["", "HoloScriptPlusParser", "Material Trait Annotations"],
          "fullName": " HoloScriptPlusParser Material Trait Annotations should parse material with basic properties",
          "status": "passed",
          "title": "should parse material with basic properties",
          "duration": 0,
          "failureMessages": []
        },
        {
          "ancestorTitles": ["", "HoloScriptPlusParser", "Material Trait Annotations"],
          "fullName": " HoloScriptPlusParser Material Trait Annotations should parse material with textures",
          "status": "passed",
          "title": "should parse material with textures",
          "duration": 0,
          "failureMessages": []
        },
        {
          "ancestorTitles": ["", "HoloScriptPlusParser", "Material Trait Annotations"],
          "fullName": " HoloScriptPlusParser Material Trait Annotations should parse material compression option",
          "status": "passed",
          "title": "should parse material compression option",
          "duration": 1,
          "failureMessages": []
        },
        {
          "ancestorTitles": ["", "HoloScriptPlusParser", "Material Trait Annotations"],
          "fullName": " HoloScriptPlusParser Material Trait Annotations should validate material trait",
          "status": "passed",
          "title": "should validate material trait",
          "duration": 0,
          "failureMessages": []
        },
        {
          "ancestorTitles": ["", "HoloScriptPlusParser", "Material Trait Annotations"],
          "fullName": " HoloScriptPlusParser Material Trait Annotations should reject invalid metallic value",
          "status": "passed",
          "title": "should reject invalid metallic value",
          "duration": 0,
          "failureMessages": []
        },
        {
          "ancestorTitles": ["", "HoloScriptPlusParser", "Material Trait Annotations"],
          "fullName": " HoloScriptPlusParser Material Trait Annotations should reject invalid compression format",
          "status": "passed",
          "title": "should reject invalid compression format",
          "duration": 0,
          "failureMessages": []
        },
        {
          "ancestorTitles": ["", "HoloScriptPlusParser", "Lighting Trait Annotations"],
          "fullName": " HoloScriptPlusParser Lighting Trait Annotations should parse lighting trait annotation",
          "status": "passed",
          "title": "should parse lighting trait annotation",
          "duration": 1,
          "failureMessages": []
        },
        {
          "ancestorTitles": ["", "HoloScriptPlusParser", "Lighting Trait Annotations"],
          "fullName": " HoloScriptPlusParser Lighting Trait Annotations should validate lighting trait",
          "status": "passed",
          "title": "should validate lighting trait",
          "duration": 0,
          "failureMessages": []
        },
        {
          "ancestorTitles": ["", "HoloScriptPlusParser", "Lighting Trait Annotations"],
          "fullName": " HoloScriptPlusParser Lighting Trait Annotations should reject invalid preset",
          "status": "passed",
          "title": "should reject invalid preset",
          "duration": 1,
          "failureMessages": []
        },
        {
          "ancestorTitles": ["", "HoloScriptPlusParser", "Lighting Trait Annotations"],
          "fullName": " HoloScriptPlusParser Lighting Trait Annotations should reject light with negative intensity",
          "status": "passed",
          "title": "should reject light with negative intensity",
          "duration": 0,
          "failureMessages": []
        },
        {
          "ancestorTitles": ["", "HoloScriptPlusParser", "Rendering Trait Annotations"],
          "fullName": " HoloScriptPlusParser Rendering Trait Annotations should parse rendering trait annotation",
          "status": "passed",
          "title": "should parse rendering trait annotation",
          "duration": 0,
          "failureMessages": []
        },
        {
          "ancestorTitles": ["", "HoloScriptPlusParser", "Rendering Trait Annotations"],
          "fullName": " HoloScriptPlusParser Rendering Trait Annotations should parse rendering with quality preset",
          "status": "passed",
          "title": "should parse rendering with quality preset",
          "duration": 0,
          "failureMessages": []
        },
        {
          "ancestorTitles": ["", "HoloScriptPlusParser", "Rendering Trait Annotations"],
          "fullName": " HoloScriptPlusParser Rendering Trait Annotations should parse rendering with platform optimization",
          "status": "passed",
          "title": "should parse rendering with platform optimization",
          "duration": 1,
          "failureMessages": []
        },
        {
          "ancestorTitles": ["", "HoloScriptPlusParser", "Rendering Trait Annotations"],
          "fullName": " HoloScriptPlusParser Rendering Trait Annotations should validate rendering trait",
          "status": "passed",
          "title": "should validate rendering trait",
          "duration": 0,
          "failureMessages": []
        },
        {
          "ancestorTitles": ["", "HoloScriptPlusParser", "Rendering Trait Annotations"],
          "fullName": " HoloScriptPlusParser Rendering Trait Annotations should reject invalid quality preset",
          "status": "passed",
          "title": "should reject invalid quality preset",
          "duration": 0,
          "failureMessages": []
        },
        {
          "ancestorTitles": ["", "HoloScriptPlusParser", "Rendering Trait Annotations"],
          "fullName": " HoloScriptPlusParser Rendering Trait Annotations should reject invalid platform",
          "status": "passed",
          "title": "should reject invalid platform",
          "duration": 0,
          "failureMessages": []
        },
        {
          "ancestorTitles": ["", "HoloScriptPlusParser", "Rendering Trait Annotations"],
          "fullName": " HoloScriptPlusParser Rendering Trait Annotations should reject invalid FPS target",
          "status": "passed",
          "title": "should reject invalid FPS target",
          "duration": 0,
          "failureMessages": []
        },
        {
          "ancestorTitles": ["", "HoloScriptPlusParser", "Combined Trait Annotations"],
          "fullName": " HoloScriptPlusParser Combined Trait Annotations should parse multiple traits on single orb",
          "status": "passed",
          "title": "should parse multiple traits on single orb",
          "duration": 0,
          "failureMessages": []
        },
        {
          "ancestorTitles": ["", "HoloScriptPlusParser", "Combined Trait Annotations"],
          "fullName": " HoloScriptPlusParser Combined Trait Annotations should build graphics configuration from traits",
          "status": "passed",
          "title": "should build graphics configuration from traits",
          "duration": 0,
          "failureMessages": []
        },
        {
          "ancestorTitles": ["", "HoloScriptPlusParser", "Object Literal Parsing"],
          "fullName": " HoloScriptPlusParser Object Literal Parsing should parse simple key-value pairs",
          "status": "skipped",
          "title": "should parse simple key-value pairs",
          "failureMessages": []
        },
        {
          "ancestorTitles": ["", "HoloScriptPlusParser", "Object Literal Parsing"],
          "fullName": " HoloScriptPlusParser Object Literal Parsing should parse boolean values",
          "status": "skipped",
          "title": "should parse boolean values",
          "failureMessages": []
        },
        {
          "ancestorTitles": ["", "HoloScriptPlusParser", "Object Literal Parsing"],
          "fullName": " HoloScriptPlusParser Object Literal Parsing should parse numeric values",
          "status": "skipped",
          "title": "should parse numeric values",
          "failureMessages": []
        },
        {
          "ancestorTitles": ["", "HoloScriptPlusParser", "Object Literal Parsing"],
          "fullName": " HoloScriptPlusParser Object Literal Parsing should parse string values",
          "status": "skipped",
          "title": "should parse string values",
          "failureMessages": []
        },
        {
          "ancestorTitles": ["", "HoloScriptPlusParser", "Value Parsing"],
          "fullName": " HoloScriptPlusParser Value Parsing should parse boolean true",
          "status": "passed",
          "title": "should parse boolean true",
          "duration": 0,
          "failureMessages": []
        },
        {
          "ancestorTitles": ["", "HoloScriptPlusParser", "Value Parsing"],
          "fullName": " HoloScriptPlusParser Value Parsing should parse boolean false",
          "status": "passed",
          "title": "should parse boolean false",
          "duration": 1,
          "failureMessages": []
        },
        {
          "ancestorTitles": ["", "HoloScriptPlusParser", "Value Parsing"],
          "fullName": " HoloScriptPlusParser Value Parsing should parse positive integer",
          "status": "passed",
          "title": "should parse positive integer",
          "duration": 0,
          "failureMessages": []
        },
        {
          "ancestorTitles": ["", "HoloScriptPlusParser", "Value Parsing"],
          "fullName": " HoloScriptPlusParser Value Parsing should parse decimal number",
          "status": "passed",
          "title": "should parse decimal number",
          "duration": 0,
          "failureMessages": []
        },
        {
          "ancestorTitles": ["", "HoloScriptPlusParser", "Value Parsing"],
          "fullName": " HoloScriptPlusParser Value Parsing should parse negative number",
          "status": "passed",
          "title": "should parse negative number",
          "duration": 0,
          "failureMessages": []
        },
        {
          "ancestorTitles": ["", "HoloScriptPlusParser", "Value Parsing"],
          "fullName": " HoloScriptPlusParser Value Parsing should parse quoted string",
          "status": "passed",
          "title": "should parse quoted string",
          "duration": 0,
          "failureMessages": []
        },
        {
          "ancestorTitles": ["", "HoloScriptPlusParser", "Value Parsing"],
          "fullName": " HoloScriptPlusParser Value Parsing should parse single-quoted string",
          "status": "passed",
          "title": "should parse single-quoted string",
          "duration": 0,
          "failureMessages": []
        },
        {
          "ancestorTitles": ["", "HoloScriptPlusParser", "Enhanced OrbNode with Graphics Traits"],
          "fullName": " HoloScriptPlusParser Enhanced OrbNode with Graphics Traits should extract graphics traits from code",
          "status": "passed",
          "title": "should extract graphics traits from code",
          "duration": 1,
          "failureMessages": []
        },
        {
          "ancestorTitles": ["", "HoloScriptPlusParser", "Enhanced OrbNode with Graphics Traits"],
          "fullName": " HoloScriptPlusParser Enhanced OrbNode with Graphics Traits should create material trait from config",
          "status": "passed",
          "title": "should create material trait from config",
          "duration": 0,
          "failureMessages": []
        },
        {
          "ancestorTitles": ["", "HoloScriptPlusParser", "Edge Cases and Error Handling"],
          "fullName": " HoloScriptPlusParser Edge Cases and Error Handling should handle empty trait annotation gracefully",
          "status": "passed",
          "title": "should handle empty trait annotation gracefully",
          "duration": 0,
          "failureMessages": []
        },
        {
          "ancestorTitles": ["", "HoloScriptPlusParser", "Edge Cases and Error Handling"],
          "fullName": " HoloScriptPlusParser Edge Cases and Error Handling should handle malformed JSON gracefully",
          "status": "passed",
          "title": "should handle malformed JSON gracefully",
          "duration": 0,
          "failureMessages": []
        },
        {
          "ancestorTitles": ["", "HoloScriptPlusParser", "Edge Cases and Error Handling"],
          "fullName": " HoloScriptPlusParser Edge Cases and Error Handling should ignore invalid trait types",
          "status": "passed",
          "title": "should ignore invalid trait types",
          "duration": 1,
          "failureMessages": []
        },
        {
          "ancestorTitles": ["", "HoloScriptPlusParser", "Edge Cases and Error Handling"],
          "fullName": " HoloScriptPlusParser Edge Cases and Error Handling should handle multiple orbs with different traits",
          "status": "passed",
          "title": "should handle multiple orbs with different traits",
          "duration": 0,
          "failureMessages": []
        }
      ],
      "startTime": 1769630639006,
      "endTime": 1769630639016,
      "status": "passed",
      "message": "",
      "name": "C:/Users/josep/Documents/GitHub/HoloScript/packages/core/src/__tests__/HoloScriptPlusParser.test.ts"
    },
    {
      "assertionResults": [
        {
          "ancestorTitles": ["", "Infrastructure Nodes", "Parser"],
          "fullName": " Infrastructure Nodes Parser should parse server command",
          "status": "passed",
          "title": "should parse server command",
          "duration": 2,
          "failureMessages": []
        },
        {
          "ancestorTitles": ["", "Infrastructure Nodes", "Parser"],
          "fullName": " Infrastructure Nodes Parser should parse database command",
          "status": "passed",
          "title": "should parse database command",
          "duration": 1,
          "failureMessages": []
        },
        {
          "ancestorTitles": ["", "Infrastructure Nodes", "Parser"],
          "fullName": " Infrastructure Nodes Parser should parse fetch command",
          "status": "passed",
          "title": "should parse fetch command",
          "duration": 0,
          "failureMessages": []
        },
        {
          "ancestorTitles": ["", "Infrastructure Nodes", "Parser"],
          "fullName": " Infrastructure Nodes Parser should parse execute command",
          "status": "passed",
          "title": "should parse execute command",
          "duration": 1,
          "failureMessages": []
        },
        {
          "ancestorTitles": ["", "Infrastructure Nodes", "Runtime"],
          "fullName": " Infrastructure Nodes Runtime should block server creation in public mode by default",
          "status": "passed",
          "title": "should block server creation in public mode by default",
          "duration": 1,
          "failureMessages": []
        },
        {
          "ancestorTitles": ["", "Infrastructure Nodes", "Runtime"],
          "fullName": " Infrastructure Nodes Runtime should execute server creation in secure mode (implicit)",
          "status": "passed",
          "title": "should execute server creation in secure mode (implicit)",
          "duration": 0,
          "failureMessages": []
        }
      ],
      "startTime": 1769630640267,
      "endTime": 1769630640272,
      "status": "passed",
      "message": "",
      "name": "C:/Users/josep/Documents/GitHub/HoloScript/packages/core/src/__tests__/Infrastructure.test.ts"
    },
    {
      "assertionResults": [
        {
          "ancestorTitles": ["", "HoloScript Integration Tests", "Parser -> Runtime Pipeline"],
          "fullName": " HoloScript Integration Tests Parser -> Runtime Pipeline should parse and execute a simple orb declaration",
          "status": "passed",
          "title": "should parse and execute a simple orb declaration",
          "duration": 2,
          "failureMessages": []
        },
        {
          "ancestorTitles": ["", "HoloScript Integration Tests", "Parser -> Runtime Pipeline"],
          "fullName": " HoloScript Integration Tests Parser -> Runtime Pipeline should parse and execute a function definition",
          "status": "passed",
          "title": "should parse and execute a function definition",
          "duration": 0,
          "failureMessages": []
        },
        {
          "ancestorTitles": ["", "HoloScript Integration Tests", "Parser -> Runtime Pipeline"],
          "fullName": " HoloScript Integration Tests Parser -> Runtime Pipeline should parse and execute connections between orbs",
          "status": "passed",
          "title": "should parse and execute connections between orbs",
          "duration": 1,
          "failureMessages": []
        },
        {
          "ancestorTitles": ["", "HoloScript Integration Tests", "Parser -> Runtime Pipeline"],
          "fullName": " HoloScript Integration Tests Parser -> Runtime Pipeline should handle program with multiple orbs",
          "status": "passed",
          "title": "should handle program with multiple orbs",
          "duration": 1,
          "failureMessages": []
        },
        {
          "ancestorTitles": ["", "HoloScript Integration Tests", "Parser -> Type Checker Pipeline"],
          "fullName": " HoloScript Integration Tests Parser -> Type Checker Pipeline should type check orb declarations",
          "status": "passed",
          "title": "should type check orb declarations",
          "duration": 1,
          "failureMessages": []
        },
        {
          "ancestorTitles": ["", "HoloScript Integration Tests", "Parser -> Type Checker Pipeline"],
          "fullName": " HoloScript Integration Tests Parser -> Type Checker Pipeline should type check function signatures",
          "status": "passed",
          "title": "should type check function signatures",
          "duration": 0,
          "failureMessages": []
        },
        {
          "ancestorTitles": ["", "HoloScript Integration Tests", "Parser -> Type Checker Pipeline"],
          "fullName": " HoloScript Integration Tests Parser -> Type Checker Pipeline should detect type information",
          "status": "passed",
          "title": "should detect type information",
          "duration": 1,
          "failureMessages": []
        },
        {
          "ancestorTitles": [
            "",
            "HoloScript Integration Tests",
            "Full Pipeline: Parse -> Type Check -> Execute"
          ],
          "fullName": " HoloScript Integration Tests Full Pipeline: Parse -> Type Check -> Execute should process a complete program through all stages",
          "status": "passed",
          "title": "should process a complete program through all stages",
          "duration": 1,
          "failureMessages": []
        },
        {
          "ancestorTitles": ["", "HoloScript Integration Tests", "Debugger Integration"],
          "fullName": " HoloScript Integration Tests Debugger Integration should load source and set breakpoints",
          "status": "passed",
          "title": "should load source and set breakpoints",
          "duration": 1,
          "failureMessages": []
        },
        {
          "ancestorTitles": ["", "HoloScript Integration Tests", "Debugger Integration"],
          "fullName": " HoloScript Integration Tests Debugger Integration should step through execution",
          "status": "passed",
          "title": "should step through execution",
          "duration": 0,
          "failureMessages": []
        },
        {
          "ancestorTitles": ["", "HoloScript Integration Tests", "Debugger Integration"],
          "fullName": " HoloScript Integration Tests Debugger Integration should evaluate expressions in debug context",
          "status": "passed",
          "title": "should evaluate expressions in debug context",
          "duration": 1,
          "failureMessages": []
        },
        {
          "ancestorTitles": ["", "HoloScript Integration Tests", "Debugger Integration"],
          "fullName": " HoloScript Integration Tests Debugger Integration should handle breakpoint events",
          "status": "passed",
          "title": "should handle breakpoint events",
          "duration": 0,
          "failureMessages": []
        },
        {
          "ancestorTitles": ["", "HoloScript Integration Tests", "Error Handling"],
          "fullName": " HoloScript Integration Tests Error Handling should handle parse errors gracefully",
          "status": "passed",
          "title": "should handle parse errors gracefully",
          "duration": 1,
          "failureMessages": []
        },
        {
          "ancestorTitles": ["", "HoloScript Integration Tests", "Error Handling"],
          "fullName": " HoloScript Integration Tests Error Handling should handle runtime errors gracefully",
          "status": "passed",
          "title": "should handle runtime errors gracefully",
          "duration": 0,
          "failureMessages": []
        },
        {
          "ancestorTitles": ["", "HoloScript Integration Tests", "Error Handling"],
          "fullName": " HoloScript Integration Tests Error Handling should handle debugger errors gracefully",
          "status": "passed",
          "title": "should handle debugger errors gracefully",
          "duration": 0,
          "failureMessages": []
        },
        {
          "ancestorTitles": ["", "HoloScript Integration Tests", "Loop Constructs"],
          "fullName": " HoloScript Integration Tests Loop Constructs should parse for loops",
          "status": "passed",
          "title": "should parse for loops",
          "duration": 1,
          "failureMessages": []
        },
        {
          "ancestorTitles": ["", "HoloScript Integration Tests", "Loop Constructs"],
          "fullName": " HoloScript Integration Tests Loop Constructs should parse while loops - needs parser enhancement",
          "status": "todo",
          "title": "should parse while loops - needs parser enhancement",
          "failureMessages": []
        },
        {
          "ancestorTitles": ["", "HoloScript Integration Tests", "Loop Constructs"],
[...]
          "duration": 0,
          "failureMessages": []
        },
        {
          "ancestorTitles": ["", "SkeletonTrait", "events"],
          "fullName": " SkeletonTrait events should register event listener",
          "status": "passed",
          "title": "should register event listener",
          "duration": 0,
          "failureMessages": []
        },
        {
          "ancestorTitles": ["", "SkeletonTrait", "events"],
          "fullName": " SkeletonTrait events should unregister event listener",
          "status": "passed",
          "title": "should unregister event listener",
          "duration": 0,
          "failureMessages": []
        }
      ],
      "startTime": 1769630639793,
      "endTime": 1769630639800,
      "status": "passed",
      "message": "",
      "name": "C:/Users/josep/Documents/GitHub/HoloScript/packages/core/src/traits/SkeletonTrait.test.ts"
    },
    {
      "assertionResults": [
        {
          "ancestorTitles": ["", "TriggerTrait", "factory function"],
          "fullName": " TriggerTrait factory function should create trigger trait with factory",
          "status": "passed",
          "title": "should create trigger trait with factory",
          "duration": 0,
          "failureMessages": []
        },
        {
          "ancestorTitles": ["", "TriggerTrait", "factory function"],
          "fullName": " TriggerTrait factory function should create with custom config",
          "status": "passed",
          "title": "should create with custom config",
          "duration": 1,
          "failureMessages": []
        },
        {
          "ancestorTitles": ["", "TriggerTrait", "configuration"],
          "fullName": " TriggerTrait configuration should get configuration",
          "status": "passed",
          "title": "should get configuration",
          "duration": 0,
          "failureMessages": []
        },
        {
          "ancestorTitles": ["", "TriggerTrait", "configuration"],
          "fullName": " TriggerTrait configuration should have default shape as box",
          "status": "passed",
          "title": "should have default shape as box",
          "duration": 0,
          "failureMessages": []
        },
        {
          "ancestorTitles": ["", "TriggerTrait", "configuration"],
          "fullName": " TriggerTrait configuration should support enabled/disabled state",
          "status": "passed",
          "title": "should support enabled/disabled state",
          "duration": 0,
          "failureMessages": []
        },
        {
          "ancestorTitles": ["", "TriggerTrait", "trigger shapes"],
          "fullName": " TriggerTrait trigger shapes should support box shape",
          "status": "passed",
          "title": "should support box shape",
          "duration": 0,
          "failureMessages": []
        },
        {
          "ancestorTitles": ["", "TriggerTrait", "trigger shapes"],
          "fullName": " TriggerTrait trigger shapes should support sphere shape",
          "status": "passed",
          "title": "should support sphere shape",
          "duration": 0,
          "failureMessages": []
        },
        {
          "ancestorTitles": ["", "TriggerTrait", "trigger shapes"],
          "fullName": " TriggerTrait trigger shapes should support capsule shape",
          "status": "passed",
          "title": "should support capsule shape",
          "duration": 0,
          "failureMessages": []
        },
        {
          "ancestorTitles": ["", "TriggerTrait", "trigger shapes"],
          "fullName": " TriggerTrait trigger shapes should support cylinder shape",
          "status": "passed",
          "title": "should support cylinder shape",
          "duration": 1,
          "failureMessages": []
        },
        {
          "ancestorTitles": ["", "TriggerTrait", "state management"],
          "fullName": " TriggerTrait state management should get current state",
          "status": "passed",
          "title": "should get current state",
          "duration": 1,
          "failureMessages": []
        },
        {
          "ancestorTitles": ["", "TriggerTrait", "state management"],
          "fullName": " TriggerTrait state management should track occupants",
          "status": "passed",
          "title": "should track occupants",
          "duration": 0,
          "failureMessages": []
        },
        {
          "ancestorTitles": ["", "TriggerTrait", "state management"],
          "fullName": " TriggerTrait state management should start with zero occupants",
          "status": "passed",
          "title": "should start with zero occupants",
          "duration": 0,
          "failureMessages": []
        },
        {
          "ancestorTitles": ["", "TriggerTrait", "shape configuration"],
          "fullName": " TriggerTrait shape configuration should set shape",
          "status": "passed",
          "title": "should set shape",
          "duration": 1,
          "failureMessages": []
        },
        {
          "ancestorTitles": ["", "TriggerTrait", "shape configuration"],
          "fullName": " TriggerTrait shape configuration should set size",
          "status": "passed",
          "title": "should set size",
          "duration": 0,
          "failureMessages": []
        },
        {
          "ancestorTitles": ["", "TriggerTrait", "shape configuration"],
          "fullName": " TriggerTrait shape configuration should set radius",
          "status": "passed",
          "title": "should set radius",
          "duration": 0,
          "failureMessages": []
        },
        {
          "ancestorTitles": ["", "TriggerTrait", "shape configuration"],
          "fullName": " TriggerTrait shape configuration should set center offset",
          "status": "passed",
          "title": "should set center offset",
          "duration": 1,
          "failureMessages": []
        },
        {
          "ancestorTitles": ["", "TriggerTrait", "tag filtering"],
          "fullName": " TriggerTrait tag filtering should configure include tags",
          "status": "passed",
          "title": "should configure include tags",
          "duration": 0,
          "failureMessages": []
        },
        {
          "ancestorTitles": ["", "TriggerTrait", "tag filtering"],
          "fullName": " TriggerTrait tag filtering should configure exclude tags",
          "status": "passed",
          "title": "should configure exclude tags",
          "duration": 0,
          "failureMessages": []
        },
        {
          "ancestorTitles": ["", "TriggerTrait", "tag filtering"],
          "fullName": " TriggerTrait tag filtering should set filter tags dynamically",
          "status": "passed",
          "title": "should set filter tags dynamically",
          "duration": 1,
          "failureMessages": []
        },
        {
          "ancestorTitles": ["", "TriggerTrait", "actions"],
          "fullName": " TriggerTrait actions should add enter action",
          "status": "passed",
          "title": "should add enter action",
          "duration": 0,
          "failureMessages": []
        },
        {
          "ancestorTitles": ["", "TriggerTrait", "actions"],
          "fullName": " TriggerTrait actions should add stay action",
          "status": "passed",
          "title": "should add stay action",
          "duration": 1,
          "failureMessages": []
        },
        {
          "ancestorTitles": ["", "TriggerTrait", "actions"],
          "fullName": " TriggerTrait actions should add exit action",
          "status": "passed",
          "title": "should add exit action",
          "duration": 0,
          "failureMessages": []
        },
        {
          "ancestorTitles": ["", "TriggerTrait", "actions"],
          "fullName": " TriggerTrait actions should clear actions for event type",
          "status": "passed",
          "title": "should clear actions for event type",
          "duration": 0,
          "failureMessages": []
        },
        {
          "ancestorTitles": ["", "TriggerTrait", "occupancy"],
          "fullName": " TriggerTrait occupancy should configure max occupants",
          "status": "passed",
          "title": "should configure max occupants",
          "duration": 0,
          "failureMessages": []
        },
        {
          "ancestorTitles": ["", "TriggerTrait", "occupancy"],
          "fullName": " TriggerTrait occupancy should get occupant count",
          "status": "passed",
          "title": "should get occupant count",
          "duration": 1,
          "failureMessages": []
        },
        {
          "ancestorTitles": ["", "TriggerTrait", "occupancy"],
          "fullName": " TriggerTrait occupancy should handle triggering",
          "status": "passed",
          "title": "should handle triggering",
          "duration": 0,
          "failureMessages": []
        },
        {
          "ancestorTitles": ["", "TriggerTrait", "occupancy"],
          "fullName": " TriggerTrait occupancy should handle exit",
          "status": "passed",
          "title": "should handle exit",
          "duration": 1,
          "failureMessages": []
        },
        {
          "ancestorTitles": ["", "TriggerTrait", "cooldown"],
          "fullName": " TriggerTrait cooldown should set cooldown",
          "status": "passed",
          "title": "should set cooldown",
          "duration": 0,
          "failureMessages": []
        },
        {
          "ancestorTitles": ["", "TriggerTrait", "trigger simulation"],
          "fullName": " TriggerTrait trigger simulation should simulate enter event",
          "status": "passed",
          "title": "should simulate enter event",
          "duration": 0,
          "failureMessages": []
        },
        {
          "ancestorTitles": ["", "TriggerTrait", "trigger simulation"],
          "fullName": " TriggerTrait trigger simulation should simulate stay event",
          "status": "passed",
          "title": "should simulate stay event",
          "duration": 1,
          "failureMessages": []
        },
        {
          "ancestorTitles": ["", "TriggerTrait", "trigger simulation"],
          "fullName": " TriggerTrait trigger simulation should reset trigger",
          "status": "passed",
          "title": "should reset trigger",
          "duration": 0,
          "failureMessages": []
        }
      ],
      "startTime": 1769630639555,
      "endTime": 1769630639566,
      "status": "passed",
      "message": "",
      "name": "C:/Users/josep/Documents/GitHub/HoloScript/packages/core/src/traits/TriggerTrait.test.ts"
    },
    {
      "assertionResults": [
        {
          "ancestorTitles": ["", "VoiceInputTrait", "Initialization"],
          "fullName": " VoiceInputTrait Initialization should initialize with config",
          "status": "passed",
          "title": "should initialize with config",
          "duration": 1,
          "failureMessages": []
        },
        {
          "ancestorTitles": ["", "VoiceInputTrait", "Initialization"],
          "fullName": " VoiceInputTrait Initialization should not be listening initially",
          "status": "passed",
          "title": "should not be listening initially",
          "duration": 1,
          "failureMessages": []
        },
        {
          "ancestorTitles": ["", "VoiceInputTrait", "Initialization"],
          "fullName": " VoiceInputTrait Initialization should accept custom confidence threshold",
          "status": "passed",
          "title": "should accept custom confidence threshold",
          "duration": 0,
          "failureMessages": []
        },
        {
          "ancestorTitles": ["", "VoiceInputTrait", "Listening Control"],
          "fullName": " VoiceInputTrait Listening Control should start listening",
          "status": "passed",
          "title": "should start listening",
          "duration": 1,
          "failureMessages": []
        },
        {
          "ancestorTitles": ["", "VoiceInputTrait", "Listening Control"],
          "fullName": " VoiceInputTrait Listening Control should stop listening",
          "status": "passed",
          "title": "should stop listening",
          "duration": 0,
          "failureMessages": []
        },
        {
          "ancestorTitles": ["", "VoiceInputTrait", "Listening Control"],
          "fullName": " VoiceInputTrait Listening Control should toggle listening state",
          "status": "passed",
          "title": "should toggle listening state",
          "duration": 1,
          "failureMessages": []
        },
        {
          "ancestorTitles": ["", "VoiceInputTrait", "Event Listeners"],
          "fullName": " VoiceInputTrait Event Listeners should register event listener",
          "status": "passed",
          "title": "should register event listener",
          "duration": 0,
          "failureMessages": []
        },
        {
          "ancestorTitles": ["", "VoiceInputTrait", "Event Listeners"],
          "fullName": " VoiceInputTrait Event Listeners should unregister event listener",
          "status": "passed",
          "title": "should unregister event listener",
          "duration": 1,
          "failureMessages": []
        },
        {
          "ancestorTitles": ["", "VoiceInputTrait", "Event Listeners"],
          "fullName": " VoiceInputTrait Event Listeners should allow multiple listeners",
          "status": "passed",
          "title": "should allow multiple listeners",
          "duration": 0,
          "failureMessages": []
        },
        {
          "ancestorTitles": ["", "VoiceInputTrait", "Configuration"],
          "fullName": " VoiceInputTrait Configuration should support continuous mode",
          "status": "passed",
          "title": "should support continuous mode",
          "duration": 0,
          "failureMessages": []
        },
        {
          "ancestorTitles": ["", "VoiceInputTrait", "Configuration"],
          "fullName": " VoiceInputTrait Configuration should support push-to-talk mode",
          "status": "passed",
          "title": "should support push-to-talk mode",
          "duration": 1,
          "failureMessages": []
        },
        {
          "ancestorTitles": ["", "VoiceInputTrait", "Configuration"],
          "fullName": " VoiceInputTrait Configuration should support always-listening mode",
          "status": "passed",
          "title": "should support always-listening mode",
          "duration": 0,
          "failureMessages": []
        },
        {
          "ancestorTitles": ["", "VoiceInputTrait", "Configuration"],
          "fullName": " VoiceInputTrait Configuration should accept multiple languages",
          "status": "passed",
          "title": "should accept multiple languages",
          "duration": 0,
          "failureMessages": []
        },
        {
          "ancestorTitles": ["", "VoiceInputTrait", "Configuration"],
          "fullName": " VoiceInputTrait Configuration should support audio feedback toggle",
          "status": "passed",
          "title": "should support audio feedback toggle",
          "duration": 0,
          "failureMessages": []
        },
        {
          "ancestorTitles": ["", "VoiceInputTrait", "Configuration"],
          "fullName": " VoiceInputTrait Configuration should support transcript display",
          "status": "passed",
          "title": "should support transcript display",
          "duration": 1,
          "failureMessages": []
        },
        {
          "ancestorTitles": ["", "VoiceInputTrait", "Command Configuration"],
          "fullName": " VoiceInputTrait Command Configuration should support command phrases",
          "status": "passed",
          "title": "should support command phrases",
          "duration": 1,
          "failureMessages": []
        },
        {
          "ancestorTitles": ["", "VoiceInputTrait", "Command Configuration"],
          "fullName": " VoiceInputTrait Command Configuration should support command aliases",
          "status": "passed",
          "title": "should support command aliases",
          "duration": 1,
          "failureMessages": []
        },
        {
          "ancestorTitles": ["", "VoiceInputTrait", "Command Configuration"],
          "fullName": " VoiceInputTrait Command Configuration should support per-command confidence",
          "status": "passed",
          "title": "should support per-command confidence",
          "duration": 0,
          "failureMessages": []
        },
        {
          "ancestorTitles": ["", "VoiceInputTrait", "Command Configuration"],
          "fullName": " VoiceInputTrait Command Configuration should support command parameters",
          "status": "passed",
          "title": "should support command parameters",
          "duration": 0,
          "failureMessages": []
        },
        {
          "ancestorTitles": ["", "VoiceInputTrait", "Timeout Configuration"],
          "fullName": " VoiceInputTrait Timeout Configuration should support custom timeout",
          "status": "passed",
          "title": "should support custom timeout",
          "duration": 1,
          "failureMessages": []
        },
        {
          "ancestorTitles": ["", "VoiceInputTrait", "Timeout Configuration"],
          "fullName": " VoiceInputTrait Timeout Configuration should use default timeout if not specified",
          "status": "passed",
          "title": "should use default timeout if not specified",
          "duration": 0,
          "failureMessages": []
        },
        {
          "ancestorTitles": ["", "VoiceInputTrait", "Cleanup"],
          "fullName": " VoiceInputTrait Cleanup should dispose resources",
          "status": "passed",
          "title": "should dispose resources",
          "duration": 0,
          "failureMessages": []
        },
        {
          "ancestorTitles": ["", "VoiceInputTrait", "Cleanup"],
          "fullName": " VoiceInputTrait Cleanup should stop listening on dispose",
          "status": "passed",
          "title": "should stop listening on dispose",
          "duration": 0,
          "failureMessages": []
        }
      ],
      "startTime": 1769630639465,
      "endTime": 1769630639475,
      "status": "passed",
      "message": "",
      "name": "C:/Users/josep/Documents/GitHub/HoloScript/packages/core/src/traits/VoiceInputTrait.test.ts"
    },
    {
      "assertionResults": [
        {
          "ancestorTitles": ["", "SemanticSearchService"],
          "fullName": " SemanticSearchService should rank traits by similarity",
          "status": "passed",
          "title": "should rank traits by similarity",
          "duration": 0,
          "failureMessages": []
        }
      ],
      "startTime": 1769630640465,
      "endTime": 1769630640465,
      "status": "passed",
      "message": "",
      "name": "C:/Users/josep/Documents/GitHub/HoloScript/packages/core/src/ai/__tests__/SemanticSearch.test.ts"
    },
    {
      "assertionResults": [
        {
          "ancestorTitles": ["", "HoloScriptPlusParser Error Recovery"],
          "fullName": " HoloScriptPlusParser Error Recovery should report multiple errors in a single file",
          "status": "passed",
          "title": "should report multiple errors in a single file",
          "duration": 1,
          "failureMessages": []
        },
        {
          "ancestorTitles": ["", "HoloScriptPlusParser Error Recovery"],
          "fullName": " HoloScriptPlusParser Error Recovery should recover from missing braces",
          "status": "passed",
          "title": "should recover from missing braces",
          "duration": 1,
          "failureMessages": []
        }
      ],
      "startTime": 1769630640411,
      "endTime": 1769630640413,
      "status": "passed",
      "message": "",
      "name": "C:/Users/josep/Documents/GitHub/HoloScript/packages/core/src/parser/__tests__/ErrorRecovery.test.ts"
    }
  ]
}
