src/compiler/R3FCompiler.ts(150,31): error TS2345: Argument of type 'string' is not assignable to parameter of type 'VRTraitName'.
src/compiler/R3FCompiler.ts(150,57): error TS2339: Property 'config' does not exist on type 'HSPlusTraitDirective'.
src/compiler/R3FCompiler.ts(1013,33): error TS2339: Property 'config' does not exist on type 'HSPlusTraitDirective'.
src/compiler/R3FCompiler.ts(1017,73): error TS2339: Property 'config' does not exist on type 'HSPlusTraitDirective'.
src/compiler/R3FCompiler.ts(1019,66): error TS2339: Property 'config' does not exist on type 'HSPlusTraitDirective'.
src/compiler/R3FCompiler.ts(1020,71): error TS2339: Property 'config' does not exist on type 'HSPlusTraitDirective'.
src/compiler/R3FCompiler.ts(1021,77): error TS2339: Property 'config' does not exist on type 'HSPlusTraitDirective'.
src/compiler/R3FCompiler.ts(1022,73): error TS2339: Property 'config' does not exist on type 'HSPlusTraitDirective'.
src/compiler/R3FCompiler.ts(1023,71): error TS2339: Property 'config' does not exist on type 'HSPlusTraitDirective'.
src/compiler/R3FCompiler.ts(1024,69): error TS2339: Property 'config' does not exist on type 'HSPlusTraitDirective'.
src/compiler/R3FCompiler.ts(1025,67): error TS2339: Property 'config' does not exist on type 'HSPlusTraitDirective'.
src/compiler/R3FCompiler.ts(1026,88): error TS2339: Property 'config' does not exist on type 'HSPlusTraitDirective'.
src/compiler/R3FCompiler.ts(1027,70): error TS2339: Property 'config' does not exist on type 'HSPlusTraitDirective'.
src/compiler/R3FCompiler.ts(1028,88): error TS2339: Property 'config' does not exist on type 'HSPlusTraitDirective'.
src/compiler/R3FCompiler.ts(1029,61): error TS2339: Property 'config' does not exist on type 'HSPlusTraitDirective'.
src/compiler/R3FCompiler.ts(1030,61): error TS2339: Property 'config' does not exist on type 'HSPlusTraitDirective'.
src/compiler/R3FCompiler.ts(1031,71): error TS2339: Property 'config' does not exist on type 'HSPlusTraitDirective'.
src/HoloScriptCodeParser.ts(1083,5): error TS2741: Property 'children' is missing in type '{ type: "orb"; name: string; position: SpatialPosition; hologram: HologramProperties; properties: Record<string, HoloScriptValue>; directives: HSPlusDirective[]; methods: never[]; line: number; }' but required in type 'OrbNode'.
src/HoloScriptCodeParser.ts(1106,7): error TS2322: Type '{ type: "state"; body: Record<string, HoloScriptValue>; }' is not assignable to type 'HSPlusDirective | null'.
  Property 'name' is missing in type '{ type: "state"; body: Record<string, HoloScriptValue>; }' but required in type 'HSPlusStateDirective'.
src/HoloScriptCodeParser.ts(1126,7): error TS2322: Type '{ type: "lifecycle"; hook: any; body: string; }' is not assignable to type 'HSPlusDirective | null'.
  Property 'name' is missing in type '{ type: "lifecycle"; hook: any; body: string; }' but required in type 'HSPlusLifecycleDirective'.
src/HoloScriptCodeParser.ts(1147,48): error TS2353: Object literal may only specify known properties, and 'config' does not exist in type 'HSPlusTraitDirective'.
src/HoloScriptParser.ts(231,5): error TS2741: Property 'children' is missing in type '{ type: "orb"; name: string; position: SpatialPosition; hologram: { shape: "orb"; color: string; size: number; glow: true; interactive: true; }; properties: Record<string, HoloScriptValue>; methods: never[]; }' but required in type 'OrbNode'.
src/HoloScriptParser.ts(511,7): error TS2353: Object literal may only specify known properties, and 'body' does not exist in type 'TemplateNode'.
src/HoloScriptParser.ts(593,21): error TS2353: Object literal may only specify known properties, and 'config' does not exist in type 'HSPlusTraitDirective'.
src/HoloScriptParser.ts(596,33): error TS2345: Argument of type '{ type: "lifecycle"; hook: any; body: string; }' is not assignable to parameter of type 'HSPlusDirective'.
  Property 'name' is missing in type '{ type: "lifecycle"; hook: any; body: string; }' but required in type 'HSPlusLifecycleDirective'.
src/HoloScriptPlusParser.ts(212,18): error TS2430: Interface 'EnhancedOrbNode' incorrectly extends interface 'OrbNode'.
  Types of property 'traits' are incompatible.
    Type 'AnyTraitAnnotation[] | undefined' is not assignable to type 'Map<VRTraitName, any> | undefined'.
      Type 'AnyTraitAnnotation[]' is missing the following properties from type 'Map<VRTraitName, any>': clear, delete, get, has, and 3 more.
src/HoloScriptPlusParser.ts(244,5): error TS2322: Type '(ASTNode | EnhancedOrbNode)[]' is not assignable to type 'ASTNode[]'.
  Type 'ASTNode | EnhancedOrbNode' is not assignable to type 'ASTNode'.
    Type 'EnhancedOrbNode' is not assignable to type 'ASTNode'.
      Types of property 'traits' are incompatible.
        Type 'AnyTraitAnnotation[] | undefined' is not assignable to type 'Map<VRTraitName, any> | undefined'.
          Type 'AnyTraitAnnotation[]' is missing the following properties from type 'Map<VRTraitName, any>': clear, delete, get, has, and 3 more.
src/HoloScriptRuntime.ts(388,59): error TS2304: Cannot find name 'StateMachineNode'.
src/HoloScriptRuntime.ts(729,44): error TS2339: Property 'stateMachines' does not exist on type 'RuntimeContext'.
src/HoloScriptRuntime.ts(815,48): error TS2345: Argument of type 'string | TypeGuardExpression' is not assignable to parameter of type 'string'.
  Type 'TypeGuardExpression' is not assignable to type 'string'.
src/HoloScriptRuntime.ts(874,43): error TS2304: Cannot find name 'StateMachineNode'.
src/HoloScriptRuntime.ts(875,18): error TS2339: Property 'stateMachines' does not exist on type 'RuntimeContext'.
src/HoloScriptRuntime.ts(1888,7): error TS2353: Object literal may only specify known properties, and 'stateMachines' does not exist in type 'RuntimeContext'.
src/HoloScriptRuntime.ts(2032,37): error TS2339: Property 'config' does not exist on type 'HSPlusTraitDirective'.
src/index.ts(132,37): error TS2305: Module '"./runtime/HoloScriptPlusRuntime"' has no exported member 'createRuntime'.
src/interop/CompanionLoader.ts(59,23): error TS18048: 'ast.imports' is possibly 'undefined'.
src/interop/CompanionLoader.ts(61,50): error TS2339: Property 'path' does not exist on type '{ source: string; specifiers: string[]; }'.
src/interop/CompanionLoader.ts(62,31): error TS2339: Property 'alias' does not exist on type '{ source: string; specifiers: string[]; }'.
src/interop/CompanionLoader.ts(63,32): error TS2339: Property 'path' does not exist on type '{ source: string; specifiers: string[]; }'.
src/interop/CompanionLoader.ts(66,21): error TS2339: Property 'path' does not exist on type '{ source: string; specifiers: string[]; }'.
src/parser/HoloScriptPlusParser.ts(19,3): error TS2459: Module '"../types/AdvancedTypeSystem"' declares 'VRTraitName' locally, but it is not exported.
src/parser/HoloScriptPlusParser.ts(210,46): error TS2345: Argument of type '"SPREAD"' is not assignable to parameter of type 'TokenType'.
src/parser/HoloScriptPlusParser.ts(271,48): error TS2345: Argument of type '"NULL_COALESCE_ASSIGN"' is not assignable to parameter of type 'TokenType'.
src/parser/HoloScriptPlusParser.ts(278,45): error TS2345: Argument of type '"NULL_COALESCE"' is not assignable to parameter of type 'TokenType'.
src/parser/HoloScriptPlusParser.ts(282,43): error TS2345: Argument of type '"QUESTION"' is not assignable to parameter of type 'TokenType'.
src/parser/HoloScriptPlusParser.ts(677,26): error TS2345: Argument of type '{ message: string; line: number; column: number; }' is not assignable to parameter of type 'RichParseError'.
  Type '{ message: string; line: number; column: number; }' is missing the following properties from type 'RichParseError': code, severity
src/parser/HoloScriptPlusParser.ts(678,31): error TS2488: Type 'any[] | undefined' must have a '[Symbol.iterator]()' method that returns an iterator.
src/parser/HoloScriptPlusParser.ts(732,25): error TS18048: 'root.directives' is possibly 'undefined'.
src/parser/HoloScriptPlusParser.ts(958,29): error TS2345: Argument of type '"SPREAD"' is not assignable to parameter of type 'TokenType'.
src/parser/HoloScriptPlusParser.ts(1001,29): error TS2345: Argument of type '"SPREAD"' is not assignable to parameter of type 'TokenType'.
src/runtime/HoloScriptPlusRuntime.ts(72,7): error TS2420: Class 'HoloScriptPlusRuntimeImpl' incorrectly implements interface 'HSPlusRuntime'.
  Property 'state' is private in type 'HoloScriptPlusRuntimeImpl' but not in type 'HSPlusRuntime'.
src/runtime/HoloScriptPlusRuntime.ts(117,30): error TS2345: Argument of type '{}' is not assignable to parameter of type 'StateDeclaration'.
  Type '{}' is missing the following properties from type 'StateDeclaration': name, type
src/runtime/HoloScriptPlusRuntime.ts(125,7): error TS2345: Argument of type 'StateDeclaration' is not assignable to parameter of type 'Record<string, unknown>'.
  Index signature for type 'string' is missing in type 'StateDeclaration'.
src/runtime/HoloScriptPlusRuntime.ts(148,23): error TS2532: Object is possibly 'undefined'.
src/runtime/HoloScriptPlusRuntime.ts(150,31): error TS2339: Property 'alias' does not exist on type '{ source: string; specifiers: string[]; }'.
src/runtime/HoloScriptPlusRuntime.ts(154,34): error TS2339: Property 'path' does not exist on type '{ source: string; specifiers: string[]; }'.
src/runtime/HoloScriptPlusRuntime.ts(317,57): error TS2339: Property 'iterable' does not exist on type 'HSPlusForDirective'.
src/runtime/HoloScriptPlusRuntime.ts(448,34): error TS2345: Argument of type 'StateDeclaration' is not assignable to parameter of type 'Record<string, unknown>'.
  Index signature for type 'string' is missing in type 'StateDeclaration'.
src/runtime/HoloScriptPlusRuntime.ts(464,53): error TS2345: Argument of type 'StateDeclaration' is not assignable to parameter of type 'Record<string, unknown>'.
  Index signature for type 'string' is missing in type 'StateDeclaration'.
src/runtime/HoloScriptPlusRuntime.ts(665,22): error TS2345: Argument of type '"api_data"' is not assignable to parameter of type 'keyof StateDeclaration'.
src/runtime/HoloScriptPlusRuntime.ts(735,23): error TS2322: Type 'StateDeclaration' is not assignable to type 'Record<string, unknown>'.
  Index signature for type 'string' is missing in type 'StateDeclaration'.
src/runtime/HoloScriptPlusRuntime.ts(792,20): error TS2345: Argument of type '"data"' is not assignable to parameter of type 'keyof StateDeclaration'.
src/runtime/HoloScriptPlusRuntime.ts(844,30): error TS2345: Argument of type '{}' is not assignable to parameter of type 'StateDeclaration'.
  Type '{}' is missing the following properties from type 'StateDeclaration': name, type
src/runtime/HoloScriptPlusRuntime.ts(981,5): error TS2322: Type 'string | number | undefined' is not assignable to type 'number | undefined'.
  Type 'string' is not assignable to type 'number'.
src/runtime/HoloScriptPlusRuntime.ts(1001,13): error TS18048: 'instance.node.properties' is possibly 'undefined'.
src/runtime/HoloScriptPlusRuntime.ts(1002,11): error TS18048: 'instance.node.properties' is possibly 'undefined'.
src/runtime/HoloScriptPlusRuntime.ts(1002,47): error TS18048: 'instance.node.properties' is possibly 'undefined'.
src/runtime/HoloScriptPlusRuntime.ts(1003,18): error TS18048: 'instance.node.properties' is possibly 'undefined'.
src/runtime/HoloScriptPlusRuntime.ts(1081,5): error TS18048: 'cloned.properties' is possibly 'undefined'.
src/runtime/HoloScriptPlusRuntime.ts(1087,7): error TS2322: Type 'string | number | undefined' is not assignable to type 'number | undefined'.
  Type 'string' is not assignable to type 'number'.
src/runtime/HoloScriptPlusRuntime.ts(1138,3): error TS2739: Type '{ Math: Math; range: (start: number, end: number, step?: number) => number[]; interpolate_color: (t: number, from: Color, to: Color) => Color; distance_to: (point: Vector3) => number; ... 17 more ...; transition: (targetScene: string, options?: { ...; }) => void; }' is missing the following properties from type 'HSPlusBuiltins': log, warn, error
src/runtime/HoloScriptPlusRuntime.ts(1171,37): error TS2345: Argument of type 'Color' is not assignable to parameter of type 'string'.
src/runtime/HoloScriptPlusRuntime.ts(1172,37): error TS2345: Argument of type 'Color' is not assignable to parameter of type 'string'.
src/runtime/HoloScriptPlusRuntime.ts(1174,7): error TS2322: Type 'string' is not assignable to type 'Color'.
src/runtime/HoloScriptPlusRuntime.ts(1201,20): error TS2339: Property 'velocity' does not exist on type 'VRHand'.
src/runtime/HoloScriptPlusRuntime.ts(1207,9): error TS2322: Type 'VRHand | { id: string; position: [number, number, number]; rotation: [number, number, number]; velocity: number[]; grip: number; trigger: number; }' is not assignable to type 'VRHand'.
  Object literal may only specify known properties, and 'id' does not exist in type 'VRHand'.
src/runtime/HoloScriptPlusRuntime.ts(1221,61): error TS2339: Property 'id' does not exist on type 'VRHand'.
src/runtime/HoloScriptPlusRuntime.ts(1283,21): error TS2769: No overload matches this call.
  Overload 1 of 4, '(target: {}, source: Record<string, unknown>): Record<string, unknown>', gave the following error.
    Argument of type 'Record<string, unknown> | undefined' is not assignable to parameter of type '{}'.
      Type 'undefined' is not assignable to type '{}'.
  Overload 2 of 4, '(target: object, ...sources: any[]): any', gave the following error.
    Argument of type 'Record<string, unknown> | undefined' is not assignable to parameter of type 'object'.
      Type 'undefined' is not assignable to type 'object'.
src/semantics/SemanticValidator.ts(176,5): error TS2578: Unused '@ts-expect-error' directive.
src/semantics/SemanticValidator.ts(187,7): error TS2322: Type 'string | undefined' is not assignable to type 'string'.
  Type 'undefined' is not assignable to type 'string'.
src/state/ReactiveState.ts(159,67): error TS2315: Type 'ReactiveState' is not generic.
src/traits/AvatarEmbodimentTrait.ts(219,9): error TS2367: This comparison appears to be unintentional because the types 'TraitEvent' and 'string' have no overlap.
src/traits/AvatarEmbodimentTrait.ts(222,16): error TS2367: This comparison appears to be unintentional because the types 'TraitEvent' and 'string' have no overlap.
src/traits/AvatarEmbodimentTrait.ts(225,16): error TS2367: This comparison appears to be unintentional because the types 'TraitEvent' and 'string' have no overlap.
src/traits/EmotionalVoiceTrait.ts(58,9): error TS2367: This comparison appears to be unintentional because the types '"grab_start" | "grab_end" | "hover_enter" | "hover_exit" | "point_enter" | "point_exit" | "collision" | "trigger_enter" | "trigger_exit" | "click" | "scale_start" | "scale_update" | ... 5 more ... | "neural_link_response"' and '"speak"' have no overlap.
src/traits/EmotionalVoiceTrait.ts(59,59): error TS2339: Property 'data' does not exist on type 'never'.
src/traits/EmotionalVoiceTrait.ts(61,12): error TS2339: Property 'handleSpeak' does not exist on type 'TraitHandler<EmotionalVoiceConfig>'.
src/traits/EmotionalVoiceTrait.ts(82,68): error TS2304: Cannot find name 'voiceSynthesizerRegistry'.
src/traits/EmotionalVoiceTrait.ts(95,39): error TS2339: Property 'generate' does not exist on type '{}'.
src/traits/EyeTrackedTrait.ts(78,7): error TS2322: Type 'any[]' is not assignable to type 'Vector3'.
  Type 'any[]' is not assignable to type '[number, number, number]'.
    Target requires 3 element(s) but source may have fewer.
src/traits/EyeTrackedTrait.ts(79,7): error TS2322: Type 'any[]' is not assignable to type 'Vector3'.
  Type 'any[]' is not assignable to type '[number, number, number]'.
    Target requires 3 element(s) but source may have fewer.
src/traits/FBXTrait.ts(289,13): error TS7053: Element implicitly has an 'any' type because expression of type '0' can't be used to index type 'Vector3'.
  Property '0' does not exist on type 'Vector3'.
src/traits/FBXTrait.ts(289,26): error TS7053: Element implicitly has an 'any' type because expression of type '2' can't be used to index type 'Vector3'.
  Property '2' does not exist on type 'Vector3'.
src/traits/FBXTrait.ts(289,40): error TS7053: Element implicitly has an 'any' type because expression of type '1' can't be used to index type 'Vector3'.
  Property '1' does not exist on type 'Vector3'.
src/traits/FlowFieldTrait.ts(60,24): error TS18048: 'node.properties' is possibly 'undefined'.
src/traits/FlowFieldTrait.ts(71,7): error TS7053: Element implicitly has an 'any' type because expression of type '0' can't be used to index type 'Vector3'.
  Property '0' does not exist on type 'Vector3'.
src/traits/FlowFieldTrait.ts(71,58): error TS7053: Element implicitly has an 'any' type because expression of type '0' can't be used to index type 'Vector3'.
  Property '0' does not exist on type 'Vector3'.
src/traits/FlowFieldTrait.ts(72,7): error TS7053: Element implicitly has an 'any' type because expression of type '1' can't be used to index type 'Vector3'.
  Property '1' does not exist on type 'Vector3'.
src/traits/FlowFieldTrait.ts(72,58): error TS7053: Element implicitly has an 'any' type because expression of type '1' can't be used to index type 'Vector3'.
  Property '1' does not exist on type 'Vector3'.
src/traits/FlowFieldTrait.ts(73,7): error TS7053: Element implicitly has an 'any' type because expression of type '2' can't be used to index type 'Vector3'.
  Property '2' does not exist on type 'Vector3'.
src/traits/FlowFieldTrait.ts(73,58): error TS7053: Element implicitly has an 'any' type because expression of type '2' can't be used to index type 'Vector3'.
  Property '2' does not exist on type 'Vector3'.
src/traits/FlowFieldTrait.ts(91,7): error TS18048: 'node.properties' is possibly 'undefined'.
src/traits/FlowFieldTrait.ts(92,9): error TS7053: Element implicitly has an 'any' type because expression of type '0' can't be used to index type 'Vector3'.
  Property '0' does not exist on type 'Vector3'.
src/traits/FlowFieldTrait.ts(93,9): error TS7053: Element implicitly has an 'any' type because expression of type '1' can't be used to index type 'Vector3'.
  Property '1' does not exist on type 'Vector3'.
src/traits/FlowFieldTrait.ts(94,9): error TS7053: Element implicitly has an 'any' type because expression of type '2' can't be used to index type 'Vector3'.
  Property '2' does not exist on type 'Vector3'.
src/traits/FlowFieldTrait.ts(98,7): error TS18048: 'node.properties' is possibly 'undefined'.
src/traits/GLTFTrait.ts(572,27): error TS7053: Element implicitly has an 'any' type because expression of type '0' can't be used to index type 'Vector3'.
  Property '0' does not exist on type 'Vector3'.
src/traits/GLTFTrait.ts(573,27): error TS7053: Element implicitly has an 'any' type because expression of type '1' can't be used to index type 'Vector3'.
  Property '1' does not exist on type 'Vector3'.
src/traits/GLTFTrait.ts(574,27): error TS7053: Element implicitly has an 'any' type because expression of type '2' can't be used to index type 'Vector3'.
  Property '2' does not exist on type 'Vector3'.
src/traits/GPUPhysicsTrait.ts(72,20): error TS2345: Argument of type 'string | undefined' is not assignable to parameter of type 'string'.
  Type 'undefined' is not assignable to type 'string'.
src/traits/GPUPhysicsTrait.ts(88,26): error TS2345: Argument of type 'string | undefined' is not assignable to parameter of type 'string'.
  Type 'undefined' is not assignable to type 'string'.
src/traits/GPUPhysicsTrait.ts(103,30): error TS2538: Type 'undefined' cannot be used as an index type.
src/traits/GPUPhysicsTrait.ts(117,9): error TS2367: This comparison appears to be unintentional because the types '"grab_start" | "grab_end" | "hover_enter" | "hover_exit" | "point_enter" | "point_exit" | "collision" | "trigger_enter" | "trigger_exit" | "click" | "scale_start" | "scale_update" | ... 5 more ... | "neural_link_response"' and '"apply-force"' have no overlap.
src/traits/GPUPhysicsTrait.ts(119,26): error TS2345: Argument of type 'string | undefined' is not assignable to parameter of type 'string'.
  Type 'undefined' is not assignable to type 'string'.
src/traits/GPUPhysicsTrait.ts(119,43): error TS2339: Property 'data' does not exist on type 'never'.
src/traits/GPUPhysicsTrait.ts(119,61): error TS2339: Property 'data' does not exist on type 'never'.
src/traits/LipSyncTrait.ts(493,44): error TS2345: Argument of type 'Uint8Array<ArrayBufferLike>' is not assignable to parameter of type 'Uint8Array<ArrayBuffer>'.
  Type 'ArrayBufferLike' is not assignable to type 'ArrayBuffer'.
    Type 'SharedArrayBuffer' is not assignable to type 'ArrayBuffer'.
      Types of property '[Symbol.toStringTag]' are incompatible.
        Type '"SharedArrayBuffer"' is not assignable to type '"ArrayBuffer"'.
src/traits/USDTrait.ts(302,13): error TS7053: Element implicitly has an 'any' type because expression of type '0' can't be used to index type 'Vector3'.
  Property '0' does not exist on type 'Vector3'.
src/traits/USDTrait.ts(302,26): error TS7053: Element implicitly has an 'any' type because expression of type '2' can't be used to index type 'Vector3'.
  Property '2' does not exist on type 'Vector3'.
src/traits/USDTrait.ts(302,40): error TS7053: Element implicitly has an 'any' type because expression of type '1' can't be used to index type 'Vector3'.
  Property '1' does not exist on type 'Vector3'.
src/traits/UserMonitorTrait.ts(70,30): error TS2345: Argument of type 'any[]' is not assignable to parameter of type 'Vector3'.
  Type 'any[]' is not assignable to type '[number, number, number]'.
    Target requires 3 element(s) but source may have fewer.
src/traits/UserMonitorTrait.ts(71,43): error TS2345: Argument of type 'any[]' is not assignable to parameter of type 'Vector3'.
  Type 'any[]' is not assignable to type '[number, number, number]'.
    Target requires 3 element(s) but source may have fewer.
src/traits/UserMonitorTrait.ts(81,12): error TS2339: Property 'performInference' does not exist on type 'TraitHandler<UserMonitorConfig>'.
src/traits/UserMonitorTrait.ts(134,3): error TS18048: 'node.properties' is possibly 'undefined'.
src/traits/UserMonitorTrait.ts(135,3): error TS18048: 'node.properties' is possibly 'undefined'.
src/traits/UserMonitorTrait.ts(146,8): error TS7053: Element implicitly has an 'any' type because expression of type '0' can't be used to index type 'Vector3'.
  Property '0' does not exist on type 'Vector3'.
src/traits/UserMonitorTrait.ts(146,16): error TS7053: Element implicitly has an 'any' type because expression of type '0' can't be used to index type 'Vector3'.
  Property '0' does not exist on type 'Vector3'.
src/traits/UserMonitorTrait.ts(147,8): error TS7053: Element implicitly has an 'any' type because expression of type '1' can't be used to index type 'Vector3'.
  Property '1' does not exist on type 'Vector3'.
src/traits/UserMonitorTrait.ts(147,16): error TS7053: Element implicitly has an 'any' type because expression of type '1' can't be used to index type 'Vector3'.
  Property '1' does not exist on type 'Vector3'.
src/traits/UserMonitorTrait.ts(148,8): error TS7053: Element implicitly has an 'any' type because expression of type '2' can't be used to index type 'Vector3'.
  Property '2' does not exist on type 'Vector3'.
src/traits/UserMonitorTrait.ts(148,16): error TS7053: Element implicitly has an 'any' type because expression of type '2' can't be used to index type 'Vector3'.
  Property '2' does not exist on type 'Vector3'.
src/traits/VRTraitSystem.ts(21,3): error TS2305: Module '"../types/HoloScriptPlus"' has no exported member 'ThrowVelocity'.
src/traits/VRTraitSystem.ts(22,3): error TS2305: Module '"../types/HoloScriptPlus"' has no exported member 'CollisionEvent'.
src/traits/VRTraitSystem.ts(215,11): error TS7053: Element implicitly has an 'any' type because expression of type '0' can't be used to index type 'Vector3'.
  Property '0' does not exist on type 'Vector3'.
src/traits/VRTraitSystem.ts(215,30): error TS7053: Element implicitly has an 'any' type because expression of type '0' can't be used to index type 'Vector3'.
  Property '0' does not exist on type 'Vector3'.
src/traits/VRTraitSystem.ts(216,11): error TS7053: Element implicitly has an 'any' type because expression of type '1' can't be used to index type 'Vector3'.
  Property '1' does not exist on type 'Vector3'.
src/traits/VRTraitSystem.ts(216,30): error TS7053: Element implicitly has an 'any' type because expression of type '1' can't be used to index type 'Vector3'.
  Property '1' does not exist on type 'Vector3'.
src/traits/VRTraitSystem.ts(217,11): error TS7053: Element implicitly has an 'any' type because expression of type '2' can't be used to index type 'Vector3'.
  Property '2' does not exist on type 'Vector3'.
src/traits/VRTraitSystem.ts(217,30): error TS7053: Element implicitly has an 'any' type because expression of type '2' can't be used to index type 'Vector3'.
  Property '2' does not exist on type 'Vector3'.
src/traits/VRTraitSystem.ts(226,38): error TS2345: Argument of type 'any[]' is not assignable to parameter of type 'Vector3'.
  Type 'any[]' is not assignable to type '[number, number, number]'.
    Target requires 3 element(s) but source may have fewer.
src/traits/VRTraitSystem.ts(226,42): error TS2488: Type 'Vector3' must have a '[Symbol.iterator]()' method that returns an iterator.
src/traits/VRTraitSystem.ts(271,42): error TS2339: Property 'id' does not exist on type 'VRHand'.
src/traits/VRTraitSystem.ts(643,36): error TS7053: Element implicitly has an 'any' type because expression of type '0' can't be used to index type 'Vector3'.
  Property '0' does not exist on type 'Vector3'.
src/traits/VRTraitSystem.ts(644,36): error TS7053: Element implicitly has an 'any' type because expression of type '1' can't be used to index type 'Vector3'.
  Property '1' does not exist on type 'Vector3'.
src/traits/VRTraitSystem.ts(645,36): error TS7053: Element implicitly has an 'any' type because expression of type '2' can't be used to index type 'Vector3'.
  Property '2' does not exist on type 'Vector3'.
src/traits/VRTraitSystem.ts(789,22): error TS7053: Element implicitly has an 'any' type because expression of type '0 | 1 | 2' can't be used to index type 'Vector3'.
  Property '0' does not exist on type 'Vector3'.
src/traits/VRTraitSystem.ts(789,44): error TS7053: Element implicitly has an 'any' type because expression of type '0 | 1 | 2' can't be used to index type 'Vector3'.
  Property '0' does not exist on type 'Vector3'.
src/traits/VRTraitSystem.ts(796,15): error TS2322: Type 'any[]' is not assignable to type 'Vector3'.
  Type 'any[]' is not assignable to type '[number, number, number]'.
    Target requires 3 element(s) but source may have fewer.
src/traits/VRTraitSystem.ts(869,18): error TS7053: Element implicitly has an 'any' type because expression of type '0' can't be used to index type 'Vector3'.
  Property '0' does not exist on type 'Vector3'.
src/traits/VRTraitSystem.ts(870,18): error TS7053: Element implicitly has an 'any' type because expression of type '1' can't be used to index type 'Vector3'.
  Property '1' does not exist on type 'Vector3'.
src/traits/VRTraitSystem.ts(871,18): error TS7053: Element implicitly has an 'any' type because expression of type '2' can't be used to index type 'Vector3'.
  Property '2' does not exist on type 'Vector3'.
src/traits/VRTraitSystem.ts(886,40): error TS2339: Property 'id' does not exist on type 'VRHand'.
src/traits/VRTraitSystem.ts(973,3): error TS2322: Type '"proactive"' is not assignable to type 'VRTraitName'.
src/traits/VRTraitSystem.ts(996,16): error TS7053: Element implicitly has an 'any' type because expression of type '0' can't be used to index type 'Vector3'.
  Property '0' does not exist on type 'Vector3'.
src/traits/VRTraitSystem.ts(996,25): error TS7053: Element implicitly has an 'any' type because expression of type '0' can't be used to index type 'Vector3'.
  Property '0' does not exist on type 'Vector3'.
src/traits/VRTraitSystem.ts(997,16): error TS7053: Element implicitly has an 'any' type because expression of type '1' can't be used to index type 'Vector3'.
  Property '1' does not exist on type 'Vector3'.
src/traits/VRTraitSystem.ts(997,25): error TS7053: Element implicitly has an 'any' type because expression of type '1' can't be used to index type 'Vector3'.
  Property '1' does not exist on type 'Vector3'.
src/traits/VRTraitSystem.ts(998,16): error TS7053: Element implicitly has an 'any' type because expression of type '2' can't be used to index type 'Vector3'.
  Property '2' does not exist on type 'Vector3'.
src/traits/VRTraitSystem.ts(998,25): error TS7053: Element implicitly has an 'any' type because expression of type '2' can't be used to index type 'Vector3'.
  Property '2' does not exist on type 'Vector3'.
src/traits/VRTraitSystem.ts(1301,5): error TS18048: 'node.traits' is possibly 'undefined'.
src/traits/VRTraitSystem.ts(1324,20): error TS18048: 'node.traits' is possibly 'undefined'.
src/traits/VRTraitSystem.ts(1355,42): error TS2339: Property 'id' does not exist on type 'VRHand'.
